Analysis & Synthesis report for jishu
Mon Nov 05 10:06:40 2018
Quartus II Version 9.1 Build 222 10/21/2009 SJ Full Version


---------------------
; Table of Contents ;
---------------------
  1. Legal Notice
  2. Analysis & Synthesis Summary
  3. Analysis & Synthesis Settings
  4. Parallel Compilation
  5. Analysis & Synthesis Source Files Read
  6. Analysis & Synthesis Resource Usage Summary
  7. Analysis & Synthesis Resource Utilization by Entity
  8. State Machine - |jishu|nostate
  9. State Machine - |jishu|now_state
 10. General Register Statistics
 11. Multiplexer Restructuring Statistics (Restructuring Performed)
 12. Parameter Settings for Inferred Entity Instance: lpm_divide:Div0
 13. Analysis & Synthesis Messages



----------------
; Legal Notice ;
----------------
Copyright (C) 1991-2009 Altera Corporation
Your use of Altera Corporation's design tools, logic functions 
and other software and tools, and its AMPP partner logic 
functions, and any output files from any of the foregoing 
(including device programming or simulation files), and any 
associated documentation or information are expressly subject 
to the terms and conditions of the Altera Program License 
Subscription Agreement, Altera MegaCore Function License 
Agreement, or other applicable license agreement, including, 
without limitation, that your use is for the sole purpose of 
programming logic devices manufactured by Altera and sold by 
Altera or its authorized distributors.  Please refer to the 
applicable agreement for further details.



+------------------------------------------------------------------------+
; Analysis & Synthesis Summary                                           ;
+-----------------------------+------------------------------------------+
; Analysis & Synthesis Status ; Successful - Mon Nov 05 10:06:40 2018    ;
; Quartus II Version          ; 9.1 Build 222 10/21/2009 SJ Full Version ;
; Revision Name               ; jishu                                    ;
; Top-level Entity Name       ; jishu                                    ;
; Family                      ; MAX II                                   ;
; Total logic elements        ; 303                                      ;
; Total pins                  ; 139                                      ;
; Total virtual pins          ; 0                                        ;
; UFM blocks                  ; 0 / 1 ( 0 % )                            ;
+-----------------------------+------------------------------------------+


+----------------------------------------------------------------------------------------------------------------------+
; Analysis & Synthesis Settings                                                                                        ;
+----------------------------------------------------------------------------+--------------------+--------------------+
; Option                                                                     ; Setting            ; Default Value      ;
+----------------------------------------------------------------------------+--------------------+--------------------+
; Device                                                                     ; EPM1270T144C5      ;                    ;
; Top-level entity name                                                      ; jishu              ; jishu              ;
; Family name                                                                ; MAX II             ; Stratix II         ;
; Use Generated Physical Constraints File                                    ; Off                ;                    ;
; Use smart compilation                                                      ; Off                ; Off                ;
; Enable parallel Assembler and TimeQuest Timing Analyzer during compilation ; On                 ; On                 ;
; Enable compact report table                                                ; Off                ; Off                ;
; Restructure Multiplexers                                                   ; Auto               ; Auto               ;
; Create Debugging Nodes for IP Cores                                        ; Off                ; Off                ;
; Preserve fewer node names                                                  ; On                 ; On                 ;
; Disable OpenCore Plus hardware evaluation                                  ; Off                ; Off                ;
; Verilog Version                                                            ; Verilog_2001       ; Verilog_2001       ;
; VHDL Version                                                               ; VHDL_1993          ; VHDL_1993          ;
; State Machine Processing                                                   ; Auto               ; Auto               ;
; Safe State Machine                                                         ; Off                ; Off                ;
; Extract Verilog State Machines                                             ; On                 ; On                 ;
; Extract VHDL State Machines                                                ; On                 ; On                 ;
; Ignore Verilog initial constructs                                          ; Off                ; Off                ;
; Iteration limit for constant Verilog loops                                 ; 5000               ; 5000               ;
; Iteration limit for non-constant Verilog loops                             ; 250                ; 250                ;
; Add Pass-Through Logic to Inferred RAMs                                    ; On                 ; On                 ;
; Parallel Synthesis                                                         ; On                 ; On                 ;
; NOT Gate Push-Back                                                         ; On                 ; On                 ;
; Power-Up Don't Care                                                        ; On                 ; On                 ;
; Remove Redundant Logic Cells                                               ; Off                ; Off                ;
; Remove Duplicate Registers                                                 ; On                 ; On                 ;
; Ignore CARRY Buffers                                                       ; Off                ; Off                ;
; Ignore CASCADE Buffers                                                     ; Off                ; Off                ;
; Ignore GLOBAL Buffers                                                      ; Off                ; Off                ;
; Ignore ROW GLOBAL Buffers                                                  ; Off                ; Off                ;
; Ignore LCELL Buffers                                                       ; Off                ; Off                ;
; Ignore SOFT Buffers                                                        ; On                 ; On                 ;
; Limit AHDL Integers to 32 Bits                                             ; Off                ; Off                ;
; Optimization Technique                                                     ; Balanced           ; Balanced           ;
; Carry Chain Length                                                         ; 70                 ; 70                 ;
; Auto Carry Chains                                                          ; On                 ; On                 ;
; Auto Open-Drain Pins                                                       ; On                 ; On                 ;
; Perform WYSIWYG Primitive Resynthesis                                      ; Off                ; Off                ;
; Auto Shift Register Replacement                                            ; Auto               ; Auto               ;
; Auto Clock Enable Replacement                                              ; On                 ; On                 ;
; Allow Synchronous Control Signals                                          ; On                 ; On                 ;
; Force Use of Synchronous Clear Signals                                     ; Off                ; Off                ;
; Auto Resource Sharing                                                      ; Off                ; Off                ;
; Use LogicLock Constraints during Resource Balancing                        ; On                 ; On                 ;
; Ignore translate_off and synthesis_off directives                          ; Off                ; Off                ;
; Show Parameter Settings Tables in Synthesis Report                         ; On                 ; On                 ;
; Ignore Maximum Fan-Out Assignments                                         ; Off                ; Off                ;
; Synchronization Register Chain Length                                      ; 2                  ; 2                  ;
; PowerPlay Power Optimization                                               ; Normal compilation ; Normal compilation ;
; HDL message level                                                          ; Level2             ; Level2             ;
; Suppress Register Optimization Related Messages                            ; Off                ; Off                ;
; Number of Removed Registers Reported in Synthesis Report                   ; 100                ; 100                ;
; Number of Inverted Registers Reported in Synthesis Report                  ; 100                ; 100                ;
; Clock MUX Protection                                                       ; On                 ; On                 ;
; Block Design Naming                                                        ; Auto               ; Auto               ;
; Synthesis Effort                                                           ; Auto               ; Auto               ;
; Shift Register Replacement - Allow Asynchronous Clear Signal               ; On                 ; On                 ;
; Analysis & Synthesis Message Level                                         ; Medium             ; Medium             ;
; Disable Register Merging Across Hierarchies                                ; Auto               ; Auto               ;
+----------------------------------------------------------------------------+--------------------+--------------------+


+------------------------------------------+
; Parallel Compilation                     ;
+----------------------------+-------------+
; Processors                 ; Number      ;
+----------------------------+-------------+
; Number detected on machine ; 4           ;
; Maximum allowed            ; 4           ;
;                            ;             ;
; Average used               ; 1.00        ;
; Maximum used               ; 1           ;
;                            ;             ;
; Usage by Processor         ; % Time Used ;
;     1 processor            ; 100.0%      ;
;     2-4 processors         ;   0.0%      ;
+----------------------------+-------------+


+----------------------------------------------------------------------------------------------------------------------------------------------------------------+
; Analysis & Synthesis Source Files Read                                                                                                                         ;
+----------------------------------+-----------------+------------------------------+----------------------------------------------------------------------------+
; File Name with User-Entered Path ; Used in Netlist ; File Type                    ; File Name with Absolute Path                                               ;
+----------------------------------+-----------------+------------------------------+----------------------------------------------------------------------------+
; jishu.vhd                        ; yes             ; User VHDL File               ; F:/FINAL_EXP/jishu/jishu.vhd                                               ;
; lpm_divide.tdf                   ; yes             ; Megafunction                 ; c:/mysoftware/eda/altera/91/quartus/libraries/megafunctions/lpm_divide.tdf ;
; db/lpm_divide_0fo.tdf            ; yes             ; Auto-Generated Megafunction  ; F:/FINAL_EXP/jishu/db/lpm_divide_0fo.tdf                                   ;
; db/abs_divider_kbg.tdf           ; yes             ; Auto-Generated Megafunction  ; F:/FINAL_EXP/jishu/db/abs_divider_kbg.tdf                                  ;
; db/alt_u_div_dle.tdf             ; yes             ; Auto-Generated Megafunction  ; F:/FINAL_EXP/jishu/db/alt_u_div_dle.tdf                                    ;
; db/add_sub_e7c.tdf               ; yes             ; Auto-Generated Megafunction  ; F:/FINAL_EXP/jishu/db/add_sub_e7c.tdf                                      ;
; db/add_sub_f7c.tdf               ; yes             ; Auto-Generated Megafunction  ; F:/FINAL_EXP/jishu/db/add_sub_f7c.tdf                                      ;
; db/add_sub_j7c.tdf               ; yes             ; Auto-Generated Megafunction  ; F:/FINAL_EXP/jishu/db/add_sub_j7c.tdf                                      ;
; db/add_sub_g7c.tdf               ; yes             ; Auto-Generated Megafunction  ; F:/FINAL_EXP/jishu/db/add_sub_g7c.tdf                                      ;
; db/add_sub_h7c.tdf               ; yes             ; Auto-Generated Megafunction  ; F:/FINAL_EXP/jishu/db/add_sub_h7c.tdf                                      ;
; db/add_sub_i7c.tdf               ; yes             ; Auto-Generated Megafunction  ; F:/FINAL_EXP/jishu/db/add_sub_i7c.tdf                                      ;
; db/lpm_abs_9d9.tdf               ; yes             ; Auto-Generated Megafunction  ; F:/FINAL_EXP/jishu/db/lpm_abs_9d9.tdf                                      ;
; db/lpm_abs_pe9.tdf               ; yes             ; Auto-Generated Megafunction  ; F:/FINAL_EXP/jishu/db/lpm_abs_pe9.tdf                                      ;
; db/add_sub_p0f.tdf               ; yes             ; Auto-Generated Megafunction  ; F:/FINAL_EXP/jishu/db/add_sub_p0f.tdf                                      ;
; db/add_sub_9ve.tdf               ; yes             ; Auto-Generated Megafunction  ; F:/FINAL_EXP/jishu/db/add_sub_9ve.tdf                                      ;
+----------------------------------+-----------------+------------------------------+----------------------------------------------------------------------------+


+-----------------------------------------------------+
; Analysis & Synthesis Resource Usage Summary         ;
+---------------------------------------------+-------+
; Resource                                    ; Usage ;
+---------------------------------------------+-------+
; Total logic elements                        ; 303   ;
;     -- Combinational with no register       ; 253   ;
;     -- Register only                        ; 29    ;
;     -- Combinational with a register        ; 21    ;
;                                             ;       ;
; Logic element usage by number of LUT inputs ;       ;
;     -- 4 input functions                    ; 128   ;
;     -- 3 input functions                    ; 42    ;
;     -- 2 input functions                    ; 77    ;
;     -- 1 input functions                    ; 27    ;
;     -- 0 input functions                    ; 0     ;
;                                             ;       ;
; Logic elements by mode                      ;       ;
;     -- normal mode                          ; 223   ;
;     -- arithmetic mode                      ; 80    ;
;     -- qfbk mode                            ; 0     ;
;     -- register cascade mode                ; 0     ;
;     -- synchronous clear/load mode          ; 0     ;
;     -- asynchronous clear/load mode         ; 48    ;
;                                             ;       ;
; Total registers                             ; 50    ;
; Total logic cells in carry chains           ; 96    ;
; I/O pins                                    ; 139   ;
; Maximum fan-out node                        ; rst   ;
; Maximum fan-out                             ; 50    ;
; Total fan-out                               ; 978   ;
; Average fan-out                             ; 2.21  ;
+---------------------------------------------+-------+


+------------------------------------------------------------------------------------------------------------------------------------------------------------------------------------------------------------------------------------------------------------------------------------------------------------------------------------------+
; Analysis & Synthesis Resource Utilization by Entity                                                                                                                                                                                                                                                                                      ;
+------------------------------------------+-------------+--------------+------------+------+--------------+--------------+-------------------+------------------+-----------------+------------+---------------------------------------------------------------------------------------------------------------------------+--------------+
; Compilation Hierarchy Node               ; Logic Cells ; LC Registers ; UFM Blocks ; Pins ; Virtual Pins ; LUT-Only LCs ; Register-Only LCs ; LUT/Register LCs ; Carry Chain LCs ; Packed LCs ; Full Hierarchy Name                                                                                                       ; Library Name ;
+------------------------------------------+-------------+--------------+------------+------+--------------+--------------+-------------------+------------------+-----------------+------------+---------------------------------------------------------------------------------------------------------------------------+--------------+
; |jishu                                   ; 303 (218)   ; 50           ; 0          ; 139  ; 0            ; 253 (168)    ; 29 (29)           ; 21 (21)          ; 96 (47)         ; 0 (0)      ; |jishu                                                                                                                    ; work         ;
;    |lpm_divide:Div0|                     ; 85 (0)      ; 0            ; 0          ; 0    ; 0            ; 85 (0)       ; 0 (0)             ; 0 (0)            ; 49 (0)          ; 0 (0)      ; |jishu|lpm_divide:Div0                                                                                                    ; work         ;
;       |lpm_divide_0fo:auto_generated|    ; 85 (0)      ; 0            ; 0          ; 0    ; 0            ; 85 (0)       ; 0 (0)             ; 0 (0)            ; 49 (0)          ; 0 (0)      ; |jishu|lpm_divide:Div0|lpm_divide_0fo:auto_generated                                                                      ; work         ;
;          |abs_divider_kbg:divider|       ; 85 (4)      ; 0            ; 0          ; 0    ; 0            ; 85 (4)       ; 0 (0)             ; 0 (0)            ; 49 (0)          ; 0 (0)      ; |jishu|lpm_divide:Div0|lpm_divide_0fo:auto_generated|abs_divider_kbg:divider                                              ; work         ;
;             |add_sub_p0f:compl_add_quot| ; 5 (5)       ; 0            ; 0          ; 0    ; 0            ; 5 (5)        ; 0 (0)             ; 0 (0)            ; 5 (5)           ; 0 (0)      ; |jishu|lpm_divide:Div0|lpm_divide_0fo:auto_generated|abs_divider_kbg:divider|add_sub_p0f:compl_add_quot                   ; work         ;
;             |alt_u_div_dle:divider|      ; 68 (32)     ; 0            ; 0          ; 0    ; 0            ; 68 (32)      ; 0 (0)             ; 0 (0)            ; 36 (0)          ; 0 (0)      ; |jishu|lpm_divide:Div0|lpm_divide_0fo:auto_generated|abs_divider_kbg:divider|alt_u_div_dle:divider                        ; work         ;
;                |add_sub_j7c:add_sub_27|  ; 7 (7)       ; 0            ; 0          ; 0    ; 0            ; 7 (7)        ; 0 (0)             ; 0 (0)            ; 7 (7)           ; 0 (0)      ; |jishu|lpm_divide:Div0|lpm_divide_0fo:auto_generated|abs_divider_kbg:divider|alt_u_div_dle:divider|add_sub_j7c:add_sub_27 ; work         ;
;                |add_sub_j7c:add_sub_28|  ; 7 (7)       ; 0            ; 0          ; 0    ; 0            ; 7 (7)        ; 0 (0)             ; 0 (0)            ; 7 (7)           ; 0 (0)      ; |jishu|lpm_divide:Div0|lpm_divide_0fo:auto_generated|abs_divider_kbg:divider|alt_u_div_dle:divider|add_sub_j7c:add_sub_28 ; work         ;
;                |add_sub_j7c:add_sub_29|  ; 8 (8)       ; 0            ; 0          ; 0    ; 0            ; 8 (8)        ; 0 (0)             ; 0 (0)            ; 8 (8)           ; 0 (0)      ; |jishu|lpm_divide:Div0|lpm_divide_0fo:auto_generated|abs_divider_kbg:divider|alt_u_div_dle:divider|add_sub_j7c:add_sub_29 ; work         ;
;                |add_sub_j7c:add_sub_30|  ; 8 (8)       ; 0            ; 0          ; 0    ; 0            ; 8 (8)        ; 0 (0)             ; 0 (0)            ; 8 (8)           ; 0 (0)      ; |jishu|lpm_divide:Div0|lpm_divide_0fo:auto_generated|abs_divider_kbg:divider|alt_u_div_dle:divider|add_sub_j7c:add_sub_30 ; work         ;
;                |add_sub_j7c:add_sub_31|  ; 6 (6)       ; 0            ; 0          ; 0    ; 0            ; 6 (6)        ; 0 (0)             ; 0 (0)            ; 6 (6)           ; 0 (0)      ; |jishu|lpm_divide:Div0|lpm_divide_0fo:auto_generated|abs_divider_kbg:divider|alt_u_div_dle:divider|add_sub_j7c:add_sub_31 ; work         ;
;             |lpm_abs_pe9:my_abs_num|     ; 8 (8)       ; 0            ; 0          ; 0    ; 0            ; 8 (8)        ; 0 (0)             ; 0 (0)            ; 8 (8)           ; 0 (0)      ; |jishu|lpm_divide:Div0|lpm_divide_0fo:auto_generated|abs_divider_kbg:divider|lpm_abs_pe9:my_abs_num                       ; work         ;
+------------------------------------------+-------------+--------------+------------+------+--------------+--------------+-------------------+------------------+-----------------+------------+---------------------------------------------------------------------------------------------------------------------------+--------------+
Note: For table entries with two numbers listed, the numbers in parentheses indicate the number of resources of the given type used by the specific entity alone. The numbers listed outside of parentheses indicate the total resources of the given type used by the specific entity and all of its sub-entities in the hierarchy.


Encoding Type:  One-Hot
+---------------------------------------------------------------------+
; State Machine - |jishu|nostate                                      ;
+-------------+-------------+-------------+-------------+-------------+
; Name        ; nostate.as3 ; nostate.as2 ; nostate.as1 ; nostate.as0 ;
+-------------+-------------+-------------+-------------+-------------+
; nostate.as0 ; 0           ; 0           ; 0           ; 0           ;
; nostate.as1 ; 0           ; 0           ; 1           ; 1           ;
; nostate.as2 ; 0           ; 1           ; 0           ; 1           ;
; nostate.as3 ; 1           ; 0           ; 0           ; 1           ;
+-------------+-------------+-------------+-------------+-------------+


Encoding Type:  One-Hot
+--------------------------------------------------------------------------------------------------------------------------------------+
; State Machine - |jishu|now_state                                                                                                     ;
+--------------+--------------+--------------+--------------+--------------+--------------+--------------+--------------+--------------+
; Name         ; now_state.s7 ; now_state.s6 ; now_state.s5 ; now_state.s4 ; now_state.s3 ; now_state.s2 ; now_state.s1 ; now_state.s0 ;
+--------------+--------------+--------------+--------------+--------------+--------------+--------------+--------------+--------------+
; now_state.s0 ; 0            ; 0            ; 0            ; 0            ; 0            ; 0            ; 0            ; 0            ;
; now_state.s1 ; 0            ; 0            ; 0            ; 0            ; 0            ; 0            ; 1            ; 1            ;
; now_state.s2 ; 0            ; 0            ; 0            ; 0            ; 0            ; 1            ; 0            ; 1            ;
; now_state.s3 ; 0            ; 0            ; 0            ; 0            ; 1            ; 0            ; 0            ; 1            ;
; now_state.s4 ; 0            ; 0            ; 0            ; 1            ; 0            ; 0            ; 0            ; 1            ;
; now_state.s5 ; 0            ; 0            ; 1            ; 0            ; 0            ; 0            ; 0            ; 1            ;
; now_state.s6 ; 0            ; 1            ; 0            ; 0            ; 0            ; 0            ; 0            ; 1            ;
; now_state.s7 ; 1            ; 0            ; 0            ; 0            ; 0            ; 0            ; 0            ; 1            ;
+--------------+--------------+--------------+--------------+--------------+--------------+--------------+--------------+--------------+


+------------------------------------------------------+
; General Register Statistics                          ;
+----------------------------------------------+-------+
; Statistic                                    ; Value ;
+----------------------------------------------+-------+
; Total registers                              ; 50    ;
; Number of registers using Synchronous Clear  ; 0     ;
; Number of registers using Synchronous Load   ; 0     ;
; Number of registers using Asynchronous Clear ; 48    ;
; Number of registers using Asynchronous Load  ; 0     ;
; Number of registers using Clock Enable       ; 0     ;
; Number of registers using Preset             ; 0     ;
+----------------------------------------------+-------+


+------------------------------------------------------------------------------------------------------------------------------------------+
; Multiplexer Restructuring Statistics (Restructuring Performed)                                                                           ;
+--------------------+-----------+---------------+----------------------+------------------------+------------+----------------------------+
; Multiplexer Inputs ; Bus Width ; Baseline Area ; Area if Restructured ; Saving if Restructured ; Registered ; Example Multiplexer Output ;
+--------------------+-----------+---------------+----------------------+------------------------+------------+----------------------------+
; 3:1                ; 3 bits    ; 6 LEs         ; 6 LEs                ; 0 LEs                  ; No         ; |jishu|nestate.as1         ;
; 6:1                ; 8 bits    ; 32 LEs        ; 32 LEs               ; 0 LEs                  ; No         ; |jishu|Selector14          ;
; 11:1               ; 8 bits    ; 56 LEs        ; 40 LEs               ; 16 LEs                 ; No         ; |jishu|Selector6           ;
; 22:1               ; 4 bits    ; 56 LEs        ; 48 LEs               ; 8 LEs                  ; No         ; |jishu|Selector19          ;
+--------------------+-----------+---------------+----------------------+------------------------+------------+----------------------------+


+------------------------------------------------------------------+
; Parameter Settings for Inferred Entity Instance: lpm_divide:Div0 ;
+------------------------+----------------+------------------------+
; Parameter Name         ; Value          ; Type                   ;
+------------------------+----------------+------------------------+
; LPM_WIDTHN             ; 32             ; Untyped                ;
; LPM_WIDTHD             ; 5              ; Untyped                ;
; LPM_NREPRESENTATION    ; SIGNED         ; Untyped                ;
; LPM_DREPRESENTATION    ; SIGNED         ; Untyped                ;
; LPM_PIPELINE           ; 0              ; Untyped                ;
; LPM_REMAINDERPOSITIVE  ; FALSE          ; Untyped                ;
; MAXIMIZE_SPEED         ; 5              ; Untyped                ;
; CBXI_PARAMETER         ; lpm_divide_0fo ; Untyped                ;
; CARRY_CHAIN            ; MANUAL         ; Untyped                ;
; OPTIMIZE_FOR_SPEED     ; 5              ; Untyped                ;
; AUTO_CARRY_CHAINS      ; ON             ; AUTO_CARRY             ;
; IGNORE_CARRY_BUFFERS   ; OFF            ; IGNORE_CARRY           ;
; AUTO_CASCADE_CHAINS    ; ON             ; AUTO_CASCADE           ;
; IGNORE_CASCADE_BUFFERS ; OFF            ; IGNORE_CASCADE         ;
+------------------------+----------------+------------------------+
Note: In order to hide this table in the UI and the text report file, please set the "Show Parameter Settings Tables in Synthesis Report" option in "Analysis and Synthesis Settings -> More Settings" to "Off".


+-------------------------------+
; Analysis & Synthesis Messages ;
+-------------------------------+
Info: *******************************************************************
Info: Running Quartus II Analysis & Synthesis
    Info: Version 9.1 Build 222 10/21/2009 SJ Full Version
    Info: Processing started: Mon Nov 05 10:06:38 2018
Info: Command: quartus_map --read_settings_files=on --write_settings_files=off jishu -c jishu
Info: Parallel compilation is enabled and will use 4 of the 4 processors detected
Info: Found 2 design units, including 1 entities, in source file jishu.vhd
    Info: Found design unit 1: jishu-ajishu
    Info: Found entity 1: jishu
Info: Elaborating entity "jishu" for the top level hierarchy
Warning (10492): VHDL Process Statement warning at jishu.vhd(84): signal "rst" is read inside the Process Statement but isn't in the Process Statement's sensitivity list
Warning (10492): VHDL Process Statement warning at jishu.vhd(95): signal "happy" is read inside the Process Statement but isn't in the Process Statement's sensitivity list
Warning (10492): VHDL Process Statement warning at jishu.vhd(95): signal "false" is read inside the Process Statement but isn't in the Process Statement's sensitivity list
Warning (10492): VHDL Process Statement warning at jishu.vhd(96): signal "col0" is read inside the Process Statement but isn't in the Process Statement's sensitivity list
Warning (10492): VHDL Process Statement warning at jishu.vhd(97): signal "col0" is read inside the Process Statement but isn't in the Process Statement's sensitivity list
Warning (10492): VHDL Process Statement warning at jishu.vhd(99): signal "col0" is read inside the Process Statement but isn't in the Process Statement's sensitivity list
Warning (10492): VHDL Process Statement warning at jishu.vhd(104): signal "happy" is read inside the Process Statement but isn't in the Process Statement's sensitivity list
Warning (10492): VHDL Process Statement warning at jishu.vhd(104): signal "false" is read inside the Process Statement but isn't in the Process Statement's sensitivity list
Warning (10492): VHDL Process Statement warning at jishu.vhd(105): signal "col0" is read inside the Process Statement but isn't in the Process Statement's sensitivity list
Warning (10492): VHDL Process Statement warning at jishu.vhd(106): signal "grcol1" is read inside the Process Statement but isn't in the Process Statement's sensitivity list
Warning (10492): VHDL Process Statement warning at jishu.vhd(108): signal "col1" is read inside the Process Statement but isn't in the Process Statement's sensitivity list
Warning (10492): VHDL Process Statement warning at jishu.vhd(113): signal "happy" is read inside the Process Statement but isn't in the Process Statement's sensitivity list
Warning (10492): VHDL Process Statement warning at jishu.vhd(113): signal "false" is read inside the Process Statement but isn't in the Process Statement's sensitivity list
Warning (10492): VHDL Process Statement warning at jishu.vhd(114): signal "col2" is read inside the Process Statement but isn't in the Process Statement's sensitivity list
Warning (10492): VHDL Process Statement warning at jishu.vhd(115): signal "grcol2" is read inside the Process Statement but isn't in the Process Statement's sensitivity list
Warning (10492): VHDL Process Statement warning at jishu.vhd(117): signal "col2" is read inside the Process Statement but isn't in the Process Statement's sensitivity list
Warning (10492): VHDL Process Statement warning at jishu.vhd(122): signal "happy" is read inside the Process Statement but isn't in the Process Statement's sensitivity list
Warning (10492): VHDL Process Statement warning at jishu.vhd(122): signal "false" is read inside the Process Statement but isn't in the Process Statement's sensitivity list
Warning (10492): VHDL Process Statement warning at jishu.vhd(123): signal "col3" is read inside the Process Statement but isn't in the Process Statement's sensitivity list
Warning (10492): VHDL Process Statement warning at jishu.vhd(124): signal "grcol2" is read inside the Process Statement but isn't in the Process Statement's sensitivity list
Warning (10492): VHDL Process Statement warning at jishu.vhd(126): signal "col3" is read inside the Process Statement but isn't in the Process Statement's sensitivity list
Warning (10492): VHDL Process Statement warning at jishu.vhd(131): signal "happy" is read inside the Process Statement but isn't in the Process Statement's sensitivity list
Warning (10492): VHDL Process Statement warning at jishu.vhd(131): signal "false" is read inside the Process Statement but isn't in the Process Statement's sensitivity list
Warning (10492): VHDL Process Statement warning at jishu.vhd(132): signal "col4" is read inside the Process Statement but isn't in the Process Statement's sensitivity list
Warning (10492): VHDL Process Statement warning at jishu.vhd(133): signal "grcol2" is read inside the Process Statement but isn't in the Process Statement's sensitivity list
Warning (10492): VHDL Process Statement warning at jishu.vhd(135): signal "col4" is read inside the Process Statement but isn't in the Process Statement's sensitivity list
Warning (10492): VHDL Process Statement warning at jishu.vhd(140): signal "happy" is read inside the Process Statement but isn't in the Process Statement's sensitivity list
Warning (10492): VHDL Process Statement warning at jishu.vhd(140): signal "false" is read inside the Process Statement but isn't in the Process Statement's sensitivity list
Warning (10492): VHDL Process Statement warning at jishu.vhd(141): signal "col5" is read inside the Process Statement but isn't in the Process Statement's sensitivity list
Warning (10492): VHDL Process Statement warning at jishu.vhd(142): signal "grcol2" is read inside the Process Statement but isn't in the Process Statement's sensitivity list
Warning (10492): VHDL Process Statement warning at jishu.vhd(144): signal "col5" is read inside the Process Statement but isn't in the Process Statement's sensitivity list
Warning (10492): VHDL Process Statement warning at jishu.vhd(149): signal "happy" is read inside the Process Statement but isn't in the Process Statement's sensitivity list
Warning (10492): VHDL Process Statement warning at jishu.vhd(149): signal "false" is read inside the Process Statement but isn't in the Process Statement's sensitivity list
Warning (10492): VHDL Process Statement warning at jishu.vhd(150): signal "col0" is read inside the Process Statement but isn't in the Process Statement's sensitivity list
Warning (10492): VHDL Process Statement warning at jishu.vhd(151): signal "grcol1" is read inside the Process Statement but isn't in the Process Statement's sensitivity list
Warning (10492): VHDL Process Statement warning at jishu.vhd(153): signal "col6" is read inside the Process Statement but isn't in the Process Statement's sensitivity list
Warning (10492): VHDL Process Statement warning at jishu.vhd(158): signal "happy" is read inside the Process Statement but isn't in the Process Statement's sensitivity list
Warning (10492): VHDL Process Statement warning at jishu.vhd(158): signal "false" is read inside the Process Statement but isn't in the Process Statement's sensitivity list
Warning (10492): VHDL Process Statement warning at jishu.vhd(159): signal "col0" is read inside the Process Statement but isn't in the Process Statement's sensitivity list
Warning (10492): VHDL Process Statement warning at jishu.vhd(160): signal "col0" is read inside the Process Statement but isn't in the Process Statement's sensitivity list
Warning (10492): VHDL Process Statement warning at jishu.vhd(162): signal "col7" is read inside the Process Statement but isn't in the Process Statement's sensitivity list
Warning (10492): VHDL Process Statement warning at jishu.vhd(191): signal "happy" is read inside the Process Statement but isn't in the Process Statement's sensitivity list
Warning (10492): VHDL Process Statement warning at jishu.vhd(191): signal "false" is read inside the Process Statement but isn't in the Process Statement's sensitivity list
Warning (10492): VHDL Process Statement warning at jishu.vhd(206): signal "rst" is read inside the Process Statement but isn't in the Process Statement's sensitivity list
Warning (10492): VHDL Process Statement warning at jishu.vhd(217): signal "mession" is read inside the Process Statement but isn't in the Process Statement's sensitivity list
Warning (10492): VHDL Process Statement warning at jishu.vhd(226): signal "num1" is read inside the Process Statement but isn't in the Process Statement's sensitivity list
Warning (10492): VHDL Process Statement warning at jishu.vhd(241): signal "num2" is read inside the Process Statement but isn't in the Process Statement's sensitivity list
Warning (10492): VHDL Process Statement warning at jishu.vhd(267): signal "bu" is read inside the Process Statement but isn't in the Process Statement's sensitivity list
Warning (10492): VHDL Process Statement warning at jishu.vhd(268): signal "sheng" is read inside the Process Statement but isn't in the Process Statement's sensitivity list
Warning (10492): VHDL Process Statement warning at jishu.vhd(269): signal "sheng" is read inside the Process Statement but isn't in the Process Statement's sensitivity list
Warning (10492): VHDL Process Statement warning at jishu.vhd(270): signal "sheng" is read inside the Process Statement but isn't in the Process Statement's sensitivity list
Warning (10492): VHDL Process Statement warning at jishu.vhd(270): signal "num1" is read inside the Process Statement but isn't in the Process Statement's sensitivity list
Warning (10492): VHDL Process Statement warning at jishu.vhd(273): signal "sheng" is read inside the Process Statement but isn't in the Process Statement's sensitivity list
Info: Inferred 1 megafunctions from design logic
    Info: Inferred divider/modulo megafunction ("lpm_divide") from the following logic: "Div0"
Info: Elaborated megafunction instantiation "lpm_divide:Div0"
Info: Instantiated megafunction "lpm_divide:Div0" with the following parameter:
    Info: Parameter "LPM_WIDTHN" = "32"
    Info: Parameter "LPM_WIDTHD" = "5"
    Info: Parameter "LPM_NREPRESENTATION" = "SIGNED"
    Info: Parameter "LPM_DREPRESENTATION" = "SIGNED"
    Info: Parameter "LPM_HINT" = "LPM_REMAINDERPOSITIVE=FALSE"
Info: Found 1 design units, including 1 entities, in source file db/lpm_divide_0fo.tdf
    Info: Found entity 1: lpm_divide_0fo
Info: Found 1 design units, including 1 entities, in source file db/abs_divider_kbg.tdf
    Info: Found entity 1: abs_divider_kbg
Info: Found 1 design units, including 1 entities, in source file db/alt_u_div_dle.tdf
    Info: Found entity 1: alt_u_div_dle
Info: Found 1 design units, including 1 entities, in source file db/add_sub_e7c.tdf
    Info: Found entity 1: add_sub_e7c
Info: Found 1 design units, including 1 entities, in source file db/add_sub_f7c.tdf
    Info: Found entity 1: add_sub_f7c
Info: Found 1 design units, including 1 entities, in source file db/add_sub_j7c.tdf
    Info: Found entity 1: add_sub_j7c
Info: Found 1 design units, including 1 entities, in source file db/add_sub_g7c.tdf
    Info: Found entity 1: add_sub_g7c
Info: Found 1 design units, including 1 entities, in source file db/add_sub_h7c.tdf
    Info: Found entity 1: add_sub_h7c
Info: Found 1 design units, including 1 entities, in source file db/add_sub_i7c.tdf
    Info: Found entity 1: add_sub_i7c
Info: Found 1 design units, including 1 entities, in source file db/lpm_abs_9d9.tdf
    Info: Found entity 1: lpm_abs_9d9
Info: Found 1 design units, including 1 entities, in source file db/lpm_abs_pe9.tdf
    Info: Found entity 1: lpm_abs_pe9
Info: Found 1 design units, including 1 entities, in source file db/add_sub_p0f.tdf
    Info: Found entity 1: add_sub_p0f
Info: Found 1 design units, including 1 entities, in source file db/add_sub_9ve.tdf
    Info: Found entity 1: add_sub_9ve
Warning: Output pins are stuck at VCC or GND
    Warning (13410): Pin "lay[1]" is stuck at VCC
    Warning (13410): Pin "lay[2]" is stuck at VCC
    Warning (13410): Pin "lay[3]" is stuck at VCC
    Warning (13410): Pin "lay[6]" is stuck at VCC
    Warning (13410): Pin "lay[7]" is stuck at VCC
Warning: Design contains 7 input pin(s) that do not drive logic
    Warning (15610): No output dependent on input pin "max[0]"
    Warning (15610): No output dependent on input pin "max[1]"
    Warning (15610): No output dependent on input pin "max[2]"
    Warning (15610): No output dependent on input pin "max[3]"
    Warning (15610): No output dependent on input pin "max[4]"
    Warning (15610): No output dependent on input pin "max[5]"
    Warning (15610): No output dependent on input pin "max[6]"
Info: Implemented 442 device resources after synthesis - the final resource count might be different
    Info: Implemented 100 input pins
    Info: Implemented 39 output pins
    Info: Implemented 303 logic cells
Info: Quartus II Analysis & Synthesis was successful. 0 errors, 67 warnings
    Info: Peak virtual memory: 219 megabytes
    Info: Processing ended: Mon Nov 05 10:06:40 2018
    Info: Elapsed time: 00:00:02
    Info: Total CPU time (on all processors): 00:00:02


