Analysis & Synthesis report for extr
Mon Nov 05 08:44:33 2018
Quartus II Version 9.1 Build 222 10/21/2009 SJ Full Version


---------------------
; Table of Contents ;
---------------------
  1. Legal Notice
  2. Analysis & Synthesis Summary
  3. Analysis & Synthesis Settings
  4. Parallel Compilation
  5. Analysis & Synthesis Source Files Read
  6. Analysis & Synthesis Resource Usage Summary
  7. Analysis & Synthesis Resource Utilization by Entity
  8. Registers Removed During Synthesis
  9. General Register Statistics
 10. Inverted Register Statistics
 11. Multiplexer Restructuring Statistics (Restructuring Performed)
 12. Analysis & Synthesis Messages



----------------
; Legal Notice ;
----------------
Copyright (C) 1991-2009 Altera Corporation
Your use of Altera Corporation's design tools, logic functions 
and other software and tools, and its AMPP partner logic 
functions, and any output files from any of the foregoing 
(including device programming or simulation files), and any 
associated documentation or information are expressly subject 
to the terms and conditions of the Altera Program License 
Subscription Agreement, Altera MegaCore Function License 
Agreement, or other applicable license agreement, including, 
without limitation, that your use is for the sole purpose of 
programming logic devices manufactured by Altera and sold by 
Altera or its authorized distributors.  Please refer to the 
applicable agreement for further details.



+------------------------------------------------------------------------+
; Analysis & Synthesis Summary                                           ;
+-----------------------------+------------------------------------------+
; Analysis & Synthesis Status ; Successful - Mon Nov 05 08:44:33 2018    ;
; Quartus II Version          ; 9.1 Build 222 10/21/2009 SJ Full Version ;
; Revision Name               ; extr                                     ;
; Top-level Entity Name       ; extr                                     ;
; Family                      ; MAX II                                   ;
; Total logic elements        ; 135                                      ;
; Total pins                  ; 5                                        ;
; Total virtual pins          ; 0                                        ;
; UFM blocks                  ; 0 / 1 ( 0 % )                            ;
+-----------------------------+------------------------------------------+


+----------------------------------------------------------------------------------------------------------------------+
; Analysis & Synthesis Settings                                                                                        ;
+----------------------------------------------------------------------------+--------------------+--------------------+
; Option                                                                     ; Setting            ; Default Value      ;
+----------------------------------------------------------------------------+--------------------+--------------------+
; Device                                                                     ; EPM1270T144C5      ;                    ;
; Top-level entity name                                                      ; extr               ; extr               ;
; Family name                                                                ; MAX II             ; Stratix II         ;
; Use Generated Physical Constraints File                                    ; Off                ;                    ;
; Use smart compilation                                                      ; Off                ; Off                ;
; Enable parallel Assembler and TimeQuest Timing Analyzer during compilation ; On                 ; On                 ;
; Enable compact report table                                                ; Off                ; Off                ;
; Restructure Multiplexers                                                   ; Auto               ; Auto               ;
; Create Debugging Nodes for IP Cores                                        ; Off                ; Off                ;
; Preserve fewer node names                                                  ; On                 ; On                 ;
; Disable OpenCore Plus hardware evaluation                                  ; Off                ; Off                ;
; Verilog Version                                                            ; Verilog_2001       ; Verilog_2001       ;
; VHDL Version                                                               ; VHDL_1993          ; VHDL_1993          ;
; State Machine Processing                                                   ; Auto               ; Auto               ;
; Safe State Machine                                                         ; Off                ; Off                ;
; Extract Verilog State Machines                                             ; On                 ; On                 ;
; Extract VHDL State Machines                                                ; On                 ; On                 ;
; Ignore Verilog initial constructs                                          ; Off                ; Off                ;
; Iteration limit for constant Verilog loops                                 ; 5000               ; 5000               ;
; Iteration limit for non-constant Verilog loops                             ; 250                ; 250                ;
; Add Pass-Through Logic to Inferred RAMs                                    ; On                 ; On                 ;
; Parallel Synthesis                                                         ; On                 ; On                 ;
; NOT Gate Push-Back                                                         ; On                 ; On                 ;
; Power-Up Don't Care                                                        ; On                 ; On                 ;
; Remove Redundant Logic Cells                                               ; Off                ; Off                ;
; Remove Duplicate Registers                                                 ; On                 ; On                 ;
; Ignore CARRY Buffers                                                       ; Off                ; Off                ;
; Ignore CASCADE Buffers                                                     ; Off                ; Off                ;
; Ignore GLOBAL Buffers                                                      ; Off                ; Off                ;
; Ignore ROW GLOBAL Buffers                                                  ; Off                ; Off                ;
; Ignore LCELL Buffers                                                       ; Off                ; Off                ;
; Ignore SOFT Buffers                                                        ; On                 ; On                 ;
; Limit AHDL Integers to 32 Bits                                             ; Off                ; Off                ;
; Optimization Technique                                                     ; Balanced           ; Balanced           ;
; Carry Chain Length                                                         ; 70                 ; 70                 ;
; Auto Carry Chains                                                          ; On                 ; On                 ;
; Auto Open-Drain Pins                                                       ; On                 ; On                 ;
; Perform WYSIWYG Primitive Resynthesis                                      ; Off                ; Off                ;
; Auto Shift Register Replacement                                            ; Auto               ; Auto               ;
; Auto Clock Enable Replacement                                              ; On                 ; On                 ;
; Allow Synchronous Control Signals                                          ; On                 ; On                 ;
; Force Use of Synchronous Clear Signals                                     ; Off                ; Off                ;
; Auto Resource Sharing                                                      ; Off                ; Off                ;
; Use LogicLock Constraints during Resource Balancing                        ; On                 ; On                 ;
; Ignore translate_off and synthesis_off directives                          ; Off                ; Off                ;
; Show Parameter Settings Tables in Synthesis Report                         ; On                 ; On                 ;
; Ignore Maximum Fan-Out Assignments                                         ; Off                ; Off                ;
; Synchronization Register Chain Length                                      ; 2                  ; 2                  ;
; PowerPlay Power Optimization                                               ; Normal compilation ; Normal compilation ;
; HDL message level                                                          ; Level2             ; Level2             ;
; Suppress Register Optimization Related Messages                            ; Off                ; Off                ;
; Number of Removed Registers Reported in Synthesis Report                   ; 100                ; 100                ;
; Number of Inverted Registers Reported in Synthesis Report                  ; 100                ; 100                ;
; Clock MUX Protection                                                       ; On                 ; On                 ;
; Block Design Naming                                                        ; Auto               ; Auto               ;
; Synthesis Effort                                                           ; Auto               ; Auto               ;
; Shift Register Replacement - Allow Asynchronous Clear Signal               ; On                 ; On                 ;
; Analysis & Synthesis Message Level                                         ; Medium             ; Medium             ;
; Disable Register Merging Across Hierarchies                                ; Auto               ; Auto               ;
+----------------------------------------------------------------------------+--------------------+--------------------+


+------------------------------------------+
; Parallel Compilation                     ;
+----------------------------+-------------+
; Processors                 ; Number      ;
+----------------------------+-------------+
; Number detected on machine ; 4           ;
; Maximum allowed            ; 4           ;
;                            ;             ;
; Average used               ; 1.00        ;
; Maximum used               ; 1           ;
;                            ;             ;
; Usage by Processor         ; % Time Used ;
;     1 processor            ; 100.0%      ;
;     2-4 processors         ;   0.0%      ;
+----------------------------+-------------+


+-------------------------------------------------------------------------------------------------------------+
; Analysis & Synthesis Source Files Read                                                                      ;
+----------------------------------+-----------------+-----------------+--------------------------------------+
; File Name with User-Entered Path ; Used in Netlist ; File Type       ; File Name with Absolute Path         ;
+----------------------------------+-----------------+-----------------+--------------------------------------+
; ../extr_st/extr_st.vhd           ; yes             ; User VHDL File  ; F:/FINAL_EXP/extr_st/extr_st.vhd     ;
; ../extr_beep/extr_beep.vhd       ; yes             ; User VHDL File  ; F:/FINAL_EXP/extr_beep/extr_beep.vhd ;
; extr.vhd                         ; yes             ; User VHDL File  ; F:/FINAL_EXP/extr/extr.vhd           ;
+----------------------------------+-----------------+-----------------+--------------------------------------+


+--------------------------------------------------------------------+
; Analysis & Synthesis Resource Usage Summary                        ;
+---------------------------------------------+----------------------+
; Resource                                    ; Usage                ;
+---------------------------------------------+----------------------+
; Total logic elements                        ; 135                  ;
;     -- Combinational with no register       ; 71                   ;
;     -- Register only                        ; 5                    ;
;     -- Combinational with a register        ; 59                   ;
;                                             ;                      ;
; Logic element usage by number of LUT inputs ;                      ;
;     -- 4 input functions                    ; 53                   ;
;     -- 3 input functions                    ; 16                   ;
;     -- 2 input functions                    ; 57                   ;
;     -- 1 input functions                    ; 4                    ;
;     -- 0 input functions                    ; 0                    ;
;                                             ;                      ;
; Logic elements by mode                      ;                      ;
;     -- normal mode                          ; 92                   ;
;     -- arithmetic mode                      ; 43                   ;
;     -- qfbk mode                            ; 0                    ;
;     -- register cascade mode                ; 0                    ;
;     -- synchronous clear/load mode          ; 29                   ;
;     -- asynchronous clear/load mode         ; 14                   ;
;                                             ;                      ;
; Total registers                             ; 64                   ;
; Total logic cells in carry chains           ; 47                   ;
; I/O pins                                    ; 5                    ;
; Maximum fan-out node                        ; extr_beep:u1|clk_tmp ;
; Maximum fan-out                             ; 45                   ;
; Total fan-out                               ; 509                  ;
; Average fan-out                             ; 3.64                 ;
+---------------------------------------------+----------------------+


+----------------------------------------------------------------------------------------------------------------------------------------------------------------------------------------------------------------------+
; Analysis & Synthesis Resource Utilization by Entity                                                                                                                                                                  ;
+----------------------------+-------------+--------------+------------+------+--------------+--------------+-------------------+------------------+-----------------+------------+---------------------+--------------+
; Compilation Hierarchy Node ; Logic Cells ; LC Registers ; UFM Blocks ; Pins ; Virtual Pins ; LUT-Only LCs ; Register-Only LCs ; LUT/Register LCs ; Carry Chain LCs ; Packed LCs ; Full Hierarchy Name ; Library Name ;
+----------------------------+-------------+--------------+------------+------+--------------+--------------+-------------------+------------------+-----------------+------------+---------------------+--------------+
; |extr                      ; 135 (31)    ; 64           ; 0          ; 5    ; 0            ; 71 (17)      ; 5 (5)             ; 59 (9)           ; 47 (13)         ; 0 (0)      ; |extr               ; work         ;
;    |extr_beep:u1|          ; 104 (104)   ; 50           ; 0          ; 0    ; 0            ; 54 (54)      ; 0 (0)             ; 50 (50)          ; 34 (34)         ; 0 (0)      ; |extr|extr_beep:u1  ; work         ;
+----------------------------+-------------+--------------+------------+------+--------------+--------------+-------------------+------------------+-----------------+------------+---------------------+--------------+
Note: For table entries with two numbers listed, the numbers in parentheses indicate the number of resources of the given type used by the specific entity alone. The numbers listed outside of parentheses indicate the total resources of the given type used by the specific entity and all of its sub-entities in the hierarchy.


+--------------------------------------------------------------------------------+
; Registers Removed During Synthesis                                             ;
+---------------------------------------+----------------------------------------+
; Register name                         ; Reason for Removal                     ;
+---------------------------------------+----------------------------------------+
; extr_beep:u1|curDiv[4,9]              ; Merged with extr_beep:u1|curDiv[2]     ;
; extr_beep:u1|curDiv[11..15]           ; Merged with extr_beep:u1|curDiv[10]    ;
; extr_beep:u1|curDiv[10]               ; Stuck at GND due to stuck port data_in ;
; Total Number of Removed Registers = 8 ;                                        ;
+---------------------------------------+----------------------------------------+


+------------------------------------------------------+
; General Register Statistics                          ;
+----------------------------------------------+-------+
; Statistic                                    ; Value ;
+----------------------------------------------+-------+
; Total registers                              ; 64    ;
; Number of registers using Synchronous Clear  ; 29    ;
; Number of registers using Synchronous Load   ; 0     ;
; Number of registers using Asynchronous Clear ; 14    ;
; Number of registers using Asynchronous Load  ; 0     ;
; Number of registers using Clock Enable       ; 18    ;
; Number of registers using Preset             ; 0     ;
+----------------------------------------------+-------+


+--------------------------------------------------+
; Inverted Register Statistics                     ;
+----------------------------------------+---------+
; Inverted Register                      ; Fan out ;
+----------------------------------------+---------+
; extr_beep:u1|\clk_trans:tmp[0]         ; 2       ;
; Total number of inverted registers = 1 ;         ;
+----------------------------------------+---------+


+------------------------------------------------------------------------------------------------------------------------------------------------------------+
; Multiplexer Restructuring Statistics (Restructuring Performed)                                                                                             ;
+--------------------+-----------+---------------+----------------------+------------------------+------------+----------------------------------------------+
; Multiplexer Inputs ; Bus Width ; Baseline Area ; Area if Restructured ; Saving if Restructured ; Registered ; Example Multiplexer Output                   ;
+--------------------+-----------+---------------+----------------------+------------------------+------------+----------------------------------------------+
; 4:1                ; 5 bits    ; 10 LEs        ; 5 LEs                ; 5 LEs                  ; Yes        ; |extr|extr_beep:u1|\melodyCtrl:curIndex[0]   ;
; 4:1                ; 19 bits   ; 38 LEs        ; 19 LEs               ; 19 LEs                 ; Yes        ; |extr|extr_beep:u1|\melodyCtrl:cntForTime[9] ;
; 6:1                ; 2 bits    ; 8 LEs         ; 2 LEs                ; 6 LEs                  ; Yes        ; |extr|extr_beep:u1|curDiv[3]                 ;
; 6:1                ; 6 bits    ; 24 LEs        ; 12 LEs               ; 12 LEs                 ; Yes        ; |extr|extr_beep:u1|curDiv[0]                 ;
+--------------------+-----------+---------------+----------------------+------------------------+------------+----------------------------------------------+


+-------------------------------+
; Analysis & Synthesis Messages ;
+-------------------------------+
Info: *******************************************************************
Info: Running Quartus II Analysis & Synthesis
    Info: Version 9.1 Build 222 10/21/2009 SJ Full Version
    Info: Processing started: Mon Nov 05 08:44:32 2018
Info: Command: quartus_map --read_settings_files=on --write_settings_files=off extr -c extr
Info: Parallel compilation is enabled and will use 4 of the 4 processors detected
Info: Found 2 design units, including 1 entities, in source file /final_exp/extr_st/extr_st.vhd
    Info: Found design unit 1: extr_st-aextr_st
    Info: Found entity 1: extr_st
Info: Found 2 design units, including 1 entities, in source file /final_exp/extr_beep/extr_beep.vhd
    Info: Found design unit 1: extr_beep-aextr_beep
    Info: Found entity 1: extr_beep
Info: Found 2 design units, including 1 entities, in source file extr.vhd
    Info: Found design unit 1: extr-aextr
    Info: Found entity 1: extr
Info: Elaborating entity "extr" for the top level hierarchy
Info: Elaborating entity "extr_beep" for hierarchy "extr_beep:u1"
Warning (10492): VHDL Process Statement warning at extr_beep.vhd(149): signal "curDiv" is read inside the Process Statement but isn't in the Process Statement's sensitivity list
Info: Elaborating entity "extr_st" for hierarchy "extr_st:u2"
Info: Implemented 140 device resources after synthesis - the final resource count might be different
    Info: Implemented 4 input pins
    Info: Implemented 1 output pins
    Info: Implemented 135 logic cells
Info: Quartus II Analysis & Synthesis was successful. 0 errors, 1 warning
    Info: Peak virtual memory: 210 megabytes
    Info: Processing ended: Mon Nov 05 08:44:33 2018
    Info: Elapsed time: 00:00:01
    Info: Total CPU time (on all processors): 00:00:01


