Fitter report for dzn
Sun Nov 04 20:41:32 2018
Quartus II Version 9.1 Build 222 10/21/2009 SJ Web Edition


---------------------
; Table of Contents ;
---------------------
  1. Legal Notice
  2. Fitter Summary
  3. Fitter Settings
  4. Parallel Compilation
  5. Fitter Resource Usage Summary
  6. Input Pins
  7. Output Pins
  8. I/O Bank Usage
  9. All Package Pins
 10. Output Pin Default Load For Reported TCO
 11. Fitter Resource Utilization by Entity
 12. Delay Chain Summary
 13. Control Signals
 14. Global & Other Fast Signals
 15. Non-Global High Fan-Out Signals
 16. Fitter Device Options
 17. Fitter Messages



----------------
; Legal Notice ;
----------------
Copyright (C) 1991-2009 Altera Corporation
Your use of Altera Corporation's design tools, logic functions 
and other software and tools, and its AMPP partner logic 
functions, and any output files from any of the foregoing 
(including device programming or simulation files), and any 
associated documentation or information are expressly subject 
to the terms and conditions of the Altera Program License 
Subscription Agreement, Altera MegaCore Function License 
Agreement, or other applicable license agreement, including, 
without limitation, that your use is for the sole purpose of 
programming logic devices manufactured by Altera and sold by 
Altera or its authorized distributors.  Please refer to the 
applicable agreement for further details.



+-----------------------------------------------------------------+
; Fitter Summary                                                  ;
+-----------------------+-----------------------------------------+
; Fitter Status         ; Failed - Sun Nov 04 20:41:32 2018       ;
; Quartus II Version    ; 9.1 Build 222 10/21/2009 SJ Web Edition ;
; Revision Name         ; dzn                                     ;
; Top-level Entity Name ; dzn                                     ;
; Family                ; MAX II                                  ;
; Device                ; EPM1270T144C5                           ;
; Timing Models         ; Final                                   ;
; Total logic elements  ; 150 / 1,270 ( 12 % )                    ;
; Total pins            ; 121 / 116 ( 104 % )                     ;
; Total virtual pins    ; 0                                       ;
; UFM blocks            ; 0 / 1 ( 0 % )                           ;
+-----------------------+-----------------------------------------+


+----------------------------------------------------------------------------------------------------------------------------------------------+
; Fitter Settings                                                                                                                              ;
+----------------------------------------------------------------------------+--------------------------------+--------------------------------+
; Option                                                                     ; Setting                        ; Default Value                  ;
+----------------------------------------------------------------------------+--------------------------------+--------------------------------+
; Device                                                                     ; EPM1270T144C5                  ;                                ;
; Minimum Core Junction Temperature                                          ; 0                              ;                                ;
; Maximum Core Junction Temperature                                          ; 85                             ;                                ;
; Fit Attempts to Skip                                                       ; 0                              ; 0.0                            ;
; Use smart compilation                                                      ; Off                            ; Off                            ;
; Enable parallel Assembler and TimeQuest Timing Analyzer during compilation ; On                             ; On                             ;
; Enable compact report table                                                ; Off                            ; Off                            ;
; Use TimeQuest Timing Analyzer                                              ; Off                            ; Off                            ;
; Router Timing Optimization Level                                           ; Normal                         ; Normal                         ;
; Placement Effort Multiplier                                                ; 1.0                            ; 1.0                            ;
; Router Effort Multiplier                                                   ; 1.0                            ; 1.0                            ;
; Always Enable Input Buffers                                                ; Off                            ; Off                            ;
; Optimize Hold Timing                                                       ; IO Paths and Minimum TPD Paths ; IO Paths and Minimum TPD Paths ;
; Optimize Multi-Corner Timing                                               ; Off                            ; Off                            ;
; Guarantee I/O Paths Have Zero Hold Time at Fast Corner                     ; On                             ; On                             ;
; PowerPlay Power Optimization                                               ; Normal compilation             ; Normal compilation             ;
; Optimize Timing                                                            ; Normal compilation             ; Normal compilation             ;
; Optimize Timing for ECOs                                                   ; Off                            ; Off                            ;
; Regenerate full fit report during ECO compiles                             ; Off                            ; Off                            ;
; Optimize IOC Register Placement for Timing                                 ; On                             ; On                             ;
; Limit to One Fitting Attempt                                               ; Off                            ; Off                            ;
; Final Placement Optimizations                                              ; Automatically                  ; Automatically                  ;
; Fitter Aggressive Routability Optimizations                                ; Automatically                  ; Automatically                  ;
; Fitter Initial Placement Seed                                              ; 1                              ; 1                              ;
; Slow Slew Rate                                                             ; Off                            ; Off                            ;
; PCI I/O                                                                    ; Off                            ; Off                            ;
; Weak Pull-Up Resistor                                                      ; Off                            ; Off                            ;
; Enable Bus-Hold Circuitry                                                  ; Off                            ; Off                            ;
; Auto Delay Chains                                                          ; On                             ; On                             ;
; Perform Physical Synthesis for Combinational Logic for Performance         ; Off                            ; Off                            ;
; Perform Register Duplication for Performance                               ; Off                            ; Off                            ;
; Perform Register Retiming for Performance                                  ; Off                            ; Off                            ;
; Perform Asynchronous Signal Pipelining                                     ; Off                            ; Off                            ;
; Fitter Effort                                                              ; Auto Fit                       ; Auto Fit                       ;
; Physical Synthesis Effort Level                                            ; Normal                         ; Normal                         ;
; Logic Cell Insertion - Logic Duplication                                   ; Auto                           ; Auto                           ;
; Auto Register Duplication                                                  ; Auto                           ; Auto                           ;
; Auto Global Clock                                                          ; On                             ; On                             ;
; Auto Global Register Control Signals                                       ; On                             ; On                             ;
; Stop After Congestion Map Generation                                       ; Off                            ; Off                            ;
; Save Intermediate Fitting Results                                          ; Off                            ; Off                            ;
; Force Fitter to Avoid Periphery Placement Warnings                         ; Off                            ; Off                            ;
; Use Best Effort Settings for Compilation                                   ; Off                            ; Off                            ;
+----------------------------------------------------------------------------+--------------------------------+--------------------------------+


Parallel compilation was disabled, but you have multiple processors available. Enable parallel compilation to reduce compilation time.
+-------------------------------------+
; Parallel Compilation                ;
+----------------------------+--------+
; Processors                 ; Number ;
+----------------------------+--------+
; Number detected on machine ; 2      ;
; Maximum allowed            ; 1      ;
+----------------------------+--------+


+---------------------------------------------------------+
; Fitter Resource Usage Summary                           ;
+-----------------------------------+---------------------+
; Resource                          ; Usage               ;
+-----------------------------------+---------------------+
; Total logic elements              ; Not available       ;
;                                   ;                     ;
; Total LABs                        ; Not available       ;
; Logic elements in carry chains    ; 14                  ;
; User inserted logic elements      ; 0                   ;
; Virtual pins                      ; 0                   ;
; I/O pins                          ; 121 / 116 ( 104 % ) ;
;     -- Clock pins                 ; 0 / 4 ( 0 % )       ;
; Global signals                    ; 3                   ;
; UFM blocks                        ; 0 / 1 ( 0 % )       ;
; Global clocks                     ; 3 / 4 ( 75 % )      ;
; JTAGs                             ; 0 / 1 ( 0 % )       ;
; Maximum fan-out node              ; process_0~0         ;
; Maximum fan-out                   ; 56                  ;
; Highest non-global fan-out signal ; process_0~0         ;
; Highest non-global fan-out        ; 56                  ;
; Total fan-out                     ; 661                 ;
; Average fan-out                   ; 2.44                ;
+-----------------------------------+---------------------+


+------------------------------------------------------------------------------------------------------------------------------------------------------------------------------+
; Input Pins                                                                                                                                                                   ;
+--------------+------------+----------+-----------------------+--------------------+--------+-----------------+----------+--------------+--------------+----------------------+
; Name         ; Pin #      ; I/O Bank ; Combinational Fan-Out ; Registered Fan-Out ; Global ; PCI I/O Enabled ; Bus Hold ; Weak Pull Up ; I/O Standard ; Location assigned by ;
+--------------+------------+----------+-----------------------+--------------------+--------+-----------------+----------+--------------+--------------+----------------------+
; clk          ; Unassigned ; --       ; 3                     ; 0                  ; yes    ; no              ; no       ; Off          ; 3.3-V LVTTL  ; Fitter               ;
; happy        ; Unassigned ; --       ; 1                     ; 0                  ; no     ; no              ; no       ; Off          ; 3.3-V LVTTL  ; Fitter               ;
; incol0[0]    ; Unassigned ; --       ; 1                     ; 0                  ; no     ; no              ; no       ; Off          ; 3.3-V LVTTL  ; Fitter               ;
; incol0[1]    ; Unassigned ; --       ; 1                     ; 0                  ; no     ; no              ; no       ; Off          ; 3.3-V LVTTL  ; Fitter               ;
; incol0[2]    ; Unassigned ; --       ; 2                     ; 0                  ; no     ; no              ; no       ; Off          ; 3.3-V LVTTL  ; Fitter               ;
; incol0[3]    ; Unassigned ; --       ; 2                     ; 0                  ; no     ; no              ; no       ; Off          ; 3.3-V LVTTL  ; Fitter               ;
; incol0[4]    ; Unassigned ; --       ; 2                     ; 0                  ; no     ; no              ; no       ; Off          ; 3.3-V LVTTL  ; Fitter               ;
; incol0[5]    ; Unassigned ; --       ; 2                     ; 0                  ; no     ; no              ; no       ; Off          ; 3.3-V LVTTL  ; Fitter               ;
; incol0[6]    ; Unassigned ; --       ; 1                     ; 0                  ; no     ; no              ; no       ; Off          ; 3.3-V LVTTL  ; Fitter               ;
; incol0[7]    ; Unassigned ; --       ; 1                     ; 0                  ; no     ; no              ; no       ; Off          ; 3.3-V LVTTL  ; Fitter               ;
; incol1[0]    ; Unassigned ; --       ; 1                     ; 0                  ; no     ; no              ; no       ; Off          ; 3.3-V LVTTL  ; Fitter               ;
; incol1[1]    ; Unassigned ; --       ; 1                     ; 0                  ; no     ; no              ; no       ; Off          ; 3.3-V LVTTL  ; Fitter               ;
; incol1[2]    ; Unassigned ; --       ; 2                     ; 0                  ; no     ; no              ; no       ; Off          ; 3.3-V LVTTL  ; Fitter               ;
; incol1[3]    ; Unassigned ; --       ; 2                     ; 0                  ; no     ; no              ; no       ; Off          ; 3.3-V LVTTL  ; Fitter               ;
; incol1[4]    ; Unassigned ; --       ; 2                     ; 0                  ; no     ; no              ; no       ; Off          ; 3.3-V LVTTL  ; Fitter               ;
; incol1[5]    ; Unassigned ; --       ; 2                     ; 0                  ; no     ; no              ; no       ; Off          ; 3.3-V LVTTL  ; Fitter               ;
; incol1[6]    ; Unassigned ; --       ; 1                     ; 0                  ; no     ; no              ; no       ; Off          ; 3.3-V LVTTL  ; Fitter               ;
; incol1[7]    ; Unassigned ; --       ; 1                     ; 0                  ; no     ; no              ; no       ; Off          ; 3.3-V LVTTL  ; Fitter               ;
; incol2[0]    ; Unassigned ; --       ; 1                     ; 0                  ; no     ; no              ; no       ; Off          ; 3.3-V LVTTL  ; Fitter               ;
; incol2[1]    ; Unassigned ; --       ; 1                     ; 0                  ; no     ; no              ; no       ; Off          ; 3.3-V LVTTL  ; Fitter               ;
; incol2[2]    ; Unassigned ; --       ; 2                     ; 0                  ; no     ; no              ; no       ; Off          ; 3.3-V LVTTL  ; Fitter               ;
; incol2[3]    ; Unassigned ; --       ; 2                     ; 0                  ; no     ; no              ; no       ; Off          ; 3.3-V LVTTL  ; Fitter               ;
; incol2[4]    ; Unassigned ; --       ; 2                     ; 0                  ; no     ; no              ; no       ; Off          ; 3.3-V LVTTL  ; Fitter               ;
; incol2[5]    ; Unassigned ; --       ; 2                     ; 0                  ; no     ; no              ; no       ; Off          ; 3.3-V LVTTL  ; Fitter               ;
; incol2[6]    ; Unassigned ; --       ; 1                     ; 0                  ; no     ; no              ; no       ; Off          ; 3.3-V LVTTL  ; Fitter               ;
; incol2[7]    ; Unassigned ; --       ; 1                     ; 0                  ; no     ; no              ; no       ; Off          ; 3.3-V LVTTL  ; Fitter               ;
; incol3[0]    ; Unassigned ; --       ; 1                     ; 0                  ; no     ; no              ; no       ; Off          ; 3.3-V LVTTL  ; Fitter               ;
; incol3[1]    ; Unassigned ; --       ; 1                     ; 0                  ; no     ; no              ; no       ; Off          ; 3.3-V LVTTL  ; Fitter               ;
; incol3[2]    ; Unassigned ; --       ; 2                     ; 0                  ; no     ; no              ; no       ; Off          ; 3.3-V LVTTL  ; Fitter               ;
; incol3[3]    ; Unassigned ; --       ; 2                     ; 0                  ; no     ; no              ; no       ; Off          ; 3.3-V LVTTL  ; Fitter               ;
; incol3[4]    ; Unassigned ; --       ; 2                     ; 0                  ; no     ; no              ; no       ; Off          ; 3.3-V LVTTL  ; Fitter               ;
; incol3[5]    ; Unassigned ; --       ; 2                     ; 0                  ; no     ; no              ; no       ; Off          ; 3.3-V LVTTL  ; Fitter               ;
; incol3[6]    ; Unassigned ; --       ; 1                     ; 0                  ; no     ; no              ; no       ; Off          ; 3.3-V LVTTL  ; Fitter               ;
; incol3[7]    ; Unassigned ; --       ; 1                     ; 0                  ; no     ; no              ; no       ; Off          ; 3.3-V LVTTL  ; Fitter               ;
; isout        ; Unassigned ; --       ; 42                    ; 0                  ; yes    ; no              ; no       ; Off          ; 3.3-V LVTTL  ; Fitter               ;
; isready      ; Unassigned ; --       ; 2                     ; 0                  ; no     ; no              ; no       ; Off          ; 3.3-V LVTTL  ; Fitter               ;
; keys[0]      ; Unassigned ; --       ; 16                    ; 0                  ; no     ; no              ; no       ; Off          ; 3.3-V LVTTL  ; Fitter               ;
; keys[1]      ; Unassigned ; --       ; 16                    ; 0                  ; no     ; no              ; no       ; Off          ; 3.3-V LVTTL  ; Fitter               ;
; keys[2]      ; Unassigned ; --       ; 16                    ; 0                  ; no     ; no              ; no       ; Off          ; 3.3-V LVTTL  ; Fitter               ;
; keys[3]      ; Unassigned ; --       ; 16                    ; 0                  ; no     ; no              ; no       ; Off          ; 3.3-V LVTTL  ; Fitter               ;
; max[0]       ; Unassigned ; --       ; 1                     ; 0                  ; no     ; no              ; no       ; Off          ; 3.3-V LVTTL  ; Fitter               ;
; max[1]       ; Unassigned ; --       ; 1                     ; 0                  ; no     ; no              ; no       ; Off          ; 3.3-V LVTTL  ; Fitter               ;
; max[2]       ; Unassigned ; --       ; 1                     ; 0                  ; no     ; no              ; no       ; Off          ; 3.3-V LVTTL  ; Fitter               ;
; max[3]       ; Unassigned ; --       ; 1                     ; 0                  ; no     ; no              ; no       ; Off          ; 3.3-V LVTTL  ; Fitter               ;
; max[4]       ; Unassigned ; --       ; 1                     ; 0                  ; no     ; no              ; no       ; Off          ; 3.3-V LVTTL  ; Fitter               ;
; max[5]       ; Unassigned ; --       ; 1                     ; 0                  ; no     ; no              ; no       ; Off          ; 3.3-V LVTTL  ; Fitter               ;
; max[6]       ; Unassigned ; --       ; 1                     ; 0                  ; no     ; no              ; no       ; Off          ; 3.3-V LVTTL  ; Fitter               ;
; next_mession ; Unassigned ; --       ; 2                     ; 0                  ; no     ; no              ; no       ; Off          ; 3.3-V LVTTL  ; Fitter               ;
; rst          ; Unassigned ; --       ; 4                     ; 0                  ; yes    ; no              ; no       ; Off          ; 3.3-V LVTTL  ; Fitter               ;
+--------------+------------+----------+-----------------------+--------------------+--------+-----------------+----------+--------------+--------------+----------------------+


+--------------------------------------------------------------------------------------------------------------------------------------------------------------------------------------------------------------------------------------------------------------------------------------+
; Output Pins                                                                                                                                                                                                                                                                          ;
+-----------+------------+----------+-----------------+----------------+-----------------+------------+---------------+----------+--------------+--------------+------------------+------------------------+----------------------+-------+----------------------+---------------------+
; Name      ; Pin #      ; I/O Bank ; Output Register ; Slow Slew Rate ; PCI I/O Enabled ; Open Drain ; TRI Primitive ; Bus Hold ; Weak Pull Up ; I/O Standard ; Current Strength ; Fast Output Connection ; Location assigned by ; Load  ; Output Enable Source ; Output Enable Group ;
+-----------+------------+----------+-----------------+----------------+-----------------+------------+---------------+----------+--------------+--------------+------------------+------------------------+----------------------+-------+----------------------+---------------------+
; bushu[0]  ; Unassigned ; --       ; no              ; no             ; no              ; no         ; no            ; no       ; Off          ; 3.3-V LVTTL  ; Default          ; no                     ; Fitter               ; 10 pF ; -                    ; -                   ;
; bushu[1]  ; Unassigned ; --       ; no              ; no             ; no              ; no         ; no            ; no       ; Off          ; 3.3-V LVTTL  ; Default          ; no                     ; Fitter               ; 10 pF ; -                    ; -                   ;
; bushu[2]  ; Unassigned ; --       ; no              ; no             ; no              ; no         ; no            ; no       ; Off          ; 3.3-V LVTTL  ; Default          ; no                     ; Fitter               ; 10 pF ; -                    ; -                   ;
; bushu[3]  ; Unassigned ; --       ; no              ; no             ; no              ; no         ; no            ; no       ; Off          ; 3.3-V LVTTL  ; Default          ; no                     ; Fitter               ; 10 pF ; -                    ; -                   ;
; bushu[4]  ; Unassigned ; --       ; no              ; no             ; no              ; no         ; no            ; no       ; Off          ; 3.3-V LVTTL  ; Default          ; no                     ; Fitter               ; 10 pF ; -                    ; -                   ;
; bushu[5]  ; Unassigned ; --       ; no              ; no             ; no              ; no         ; no            ; no       ; Off          ; 3.3-V LVTTL  ; Default          ; no                     ; Fitter               ; 10 pF ; -                    ; -                   ;
; bushu[6]  ; Unassigned ; --       ; no              ; no             ; no              ; no         ; no            ; no       ; Off          ; 3.3-V LVTTL  ; Default          ; no                     ; Fitter               ; 10 pF ; -                    ; -                   ;
; col0[0]   ; Unassigned ; --       ; no              ; no             ; no              ; yes        ; no            ; no       ; Off          ; 3.3-V LVTTL  ; Default          ; no                     ; Fitter               ; 10 pF ; -                    ; -                   ;
; col0[1]   ; Unassigned ; --       ; no              ; no             ; no              ; yes        ; no            ; no       ; Off          ; 3.3-V LVTTL  ; Default          ; no                     ; Fitter               ; 10 pF ; -                    ; -                   ;
; col0[2]   ; Unassigned ; --       ; no              ; no             ; no              ; yes        ; no            ; no       ; Off          ; 3.3-V LVTTL  ; Default          ; no                     ; Fitter               ; 10 pF ; -                    ; -                   ;
; col0[3]   ; Unassigned ; --       ; no              ; no             ; no              ; yes        ; no            ; no       ; Off          ; 3.3-V LVTTL  ; Default          ; no                     ; Fitter               ; 10 pF ; -                    ; -                   ;
; col0[4]   ; Unassigned ; --       ; no              ; no             ; no              ; yes        ; no            ; no       ; Off          ; 3.3-V LVTTL  ; Default          ; no                     ; Fitter               ; 10 pF ; -                    ; -                   ;
; col0[5]   ; Unassigned ; --       ; no              ; no             ; no              ; yes        ; no            ; no       ; Off          ; 3.3-V LVTTL  ; Default          ; no                     ; Fitter               ; 10 pF ; -                    ; -                   ;
; col0[6]   ; Unassigned ; --       ; no              ; no             ; no              ; yes        ; no            ; no       ; Off          ; 3.3-V LVTTL  ; Default          ; no                     ; Fitter               ; 10 pF ; -                    ; -                   ;
; col0[7]   ; Unassigned ; --       ; no              ; no             ; no              ; yes        ; no            ; no       ; Off          ; 3.3-V LVTTL  ; Default          ; no                     ; Fitter               ; 10 pF ; -                    ; -                   ;
; col2[0]   ; Unassigned ; --       ; no              ; no             ; no              ; no         ; yes           ; no       ; Off          ; 3.3-V LVTTL  ; Default          ; no                     ; Fitter               ; 10 pF ; -                    ; -                   ;
; col2[1]   ; Unassigned ; --       ; no              ; no             ; no              ; no         ; yes           ; no       ; Off          ; 3.3-V LVTTL  ; Default          ; no                     ; Fitter               ; 10 pF ; -                    ; -                   ;
; col2[2]   ; Unassigned ; --       ; no              ; no             ; no              ; no         ; yes           ; no       ; Off          ; 3.3-V LVTTL  ; Default          ; no                     ; Fitter               ; 10 pF ; -                    ; -                   ;
; col2[3]   ; Unassigned ; --       ; no              ; no             ; no              ; no         ; yes           ; no       ; Off          ; 3.3-V LVTTL  ; Default          ; no                     ; Fitter               ; 10 pF ; -                    ; -                   ;
; col2[4]   ; Unassigned ; --       ; no              ; no             ; no              ; no         ; yes           ; no       ; Off          ; 3.3-V LVTTL  ; Default          ; no                     ; Fitter               ; 10 pF ; -                    ; -                   ;
; col2[5]   ; Unassigned ; --       ; no              ; no             ; no              ; no         ; yes           ; no       ; Off          ; 3.3-V LVTTL  ; Default          ; no                     ; Fitter               ; 10 pF ; -                    ; -                   ;
; col2[6]   ; Unassigned ; --       ; no              ; no             ; no              ; no         ; yes           ; no       ; Off          ; 3.3-V LVTTL  ; Default          ; no                     ; Fitter               ; 10 pF ; -                    ; -                   ;
; col2[7]   ; Unassigned ; --       ; no              ; no             ; no              ; no         ; yes           ; no       ; Off          ; 3.3-V LVTTL  ; Default          ; no                     ; Fitter               ; 10 pF ; -                    ; -                   ;
; col3[0]   ; Unassigned ; --       ; no              ; no             ; no              ; no         ; yes           ; no       ; Off          ; 3.3-V LVTTL  ; Default          ; no                     ; Fitter               ; 10 pF ; -                    ; -                   ;
; col3[1]   ; Unassigned ; --       ; no              ; no             ; no              ; no         ; yes           ; no       ; Off          ; 3.3-V LVTTL  ; Default          ; no                     ; Fitter               ; 10 pF ; -                    ; -                   ;
; col3[2]   ; Unassigned ; --       ; no              ; no             ; no              ; no         ; yes           ; no       ; Off          ; 3.3-V LVTTL  ; Default          ; no                     ; Fitter               ; 10 pF ; -                    ; -                   ;
; col3[3]   ; Unassigned ; --       ; no              ; no             ; no              ; no         ; yes           ; no       ; Off          ; 3.3-V LVTTL  ; Default          ; no                     ; Fitter               ; 10 pF ; -                    ; -                   ;
; col3[4]   ; Unassigned ; --       ; no              ; no             ; no              ; no         ; yes           ; no       ; Off          ; 3.3-V LVTTL  ; Default          ; no                     ; Fitter               ; 10 pF ; -                    ; -                   ;
; col3[5]   ; Unassigned ; --       ; no              ; no             ; no              ; no         ; yes           ; no       ; Off          ; 3.3-V LVTTL  ; Default          ; no                     ; Fitter               ; 10 pF ; -                    ; -                   ;
; col3[6]   ; Unassigned ; --       ; no              ; no             ; no              ; no         ; yes           ; no       ; Off          ; 3.3-V LVTTL  ; Default          ; no                     ; Fitter               ; 10 pF ; -                    ; -                   ;
; col3[7]   ; Unassigned ; --       ; no              ; no             ; no              ; no         ; yes           ; no       ; Off          ; 3.3-V LVTTL  ; Default          ; no                     ; Fitter               ; 10 pF ; -                    ; -                   ;
; col4[0]   ; Unassigned ; --       ; no              ; no             ; no              ; no         ; yes           ; no       ; Off          ; 3.3-V LVTTL  ; Default          ; no                     ; Fitter               ; 10 pF ; -                    ; -                   ;
; col4[1]   ; Unassigned ; --       ; no              ; no             ; no              ; no         ; yes           ; no       ; Off          ; 3.3-V LVTTL  ; Default          ; no                     ; Fitter               ; 10 pF ; -                    ; -                   ;
; col4[2]   ; Unassigned ; --       ; no              ; no             ; no              ; no         ; yes           ; no       ; Off          ; 3.3-V LVTTL  ; Default          ; no                     ; Fitter               ; 10 pF ; -                    ; -                   ;
; col4[3]   ; Unassigned ; --       ; no              ; no             ; no              ; no         ; yes           ; no       ; Off          ; 3.3-V LVTTL  ; Default          ; no                     ; Fitter               ; 10 pF ; -                    ; -                   ;
; col4[4]   ; Unassigned ; --       ; no              ; no             ; no              ; no         ; yes           ; no       ; Off          ; 3.3-V LVTTL  ; Default          ; no                     ; Fitter               ; 10 pF ; -                    ; -                   ;
; col4[5]   ; Unassigned ; --       ; no              ; no             ; no              ; no         ; yes           ; no       ; Off          ; 3.3-V LVTTL  ; Default          ; no                     ; Fitter               ; 10 pF ; -                    ; -                   ;
; col4[6]   ; Unassigned ; --       ; no              ; no             ; no              ; no         ; yes           ; no       ; Off          ; 3.3-V LVTTL  ; Default          ; no                     ; Fitter               ; 10 pF ; -                    ; -                   ;
; col4[7]   ; Unassigned ; --       ; no              ; no             ; no              ; no         ; yes           ; no       ; Off          ; 3.3-V LVTTL  ; Default          ; no                     ; Fitter               ; 10 pF ; -                    ; -                   ;
; col5[0]   ; Unassigned ; --       ; no              ; no             ; no              ; no         ; yes           ; no       ; Off          ; 3.3-V LVTTL  ; Default          ; no                     ; Fitter               ; 10 pF ; -                    ; -                   ;
; col5[1]   ; Unassigned ; --       ; no              ; no             ; no              ; no         ; yes           ; no       ; Off          ; 3.3-V LVTTL  ; Default          ; no                     ; Fitter               ; 10 pF ; -                    ; -                   ;
; col5[2]   ; Unassigned ; --       ; no              ; no             ; no              ; no         ; yes           ; no       ; Off          ; 3.3-V LVTTL  ; Default          ; no                     ; Fitter               ; 10 pF ; -                    ; -                   ;
; col5[3]   ; Unassigned ; --       ; no              ; no             ; no              ; no         ; yes           ; no       ; Off          ; 3.3-V LVTTL  ; Default          ; no                     ; Fitter               ; 10 pF ; -                    ; -                   ;
; col5[4]   ; Unassigned ; --       ; no              ; no             ; no              ; no         ; yes           ; no       ; Off          ; 3.3-V LVTTL  ; Default          ; no                     ; Fitter               ; 10 pF ; -                    ; -                   ;
; col5[5]   ; Unassigned ; --       ; no              ; no             ; no              ; no         ; yes           ; no       ; Off          ; 3.3-V LVTTL  ; Default          ; no                     ; Fitter               ; 10 pF ; -                    ; -                   ;
; col5[6]   ; Unassigned ; --       ; no              ; no             ; no              ; no         ; yes           ; no       ; Off          ; 3.3-V LVTTL  ; Default          ; no                     ; Fitter               ; 10 pF ; -                    ; -                   ;
; col5[7]   ; Unassigned ; --       ; no              ; no             ; no              ; no         ; yes           ; no       ; Off          ; 3.3-V LVTTL  ; Default          ; no                     ; Fitter               ; 10 pF ; -                    ; -                   ;
; colgr1[0] ; Unassigned ; --       ; no              ; no             ; no              ; yes        ; no            ; no       ; Off          ; 3.3-V LVTTL  ; Default          ; no                     ; Fitter               ; 10 pF ; -                    ; -                   ;
; colgr1[1] ; Unassigned ; --       ; no              ; no             ; no              ; no         ; yes           ; no       ; Off          ; 3.3-V LVTTL  ; Default          ; no                     ; Fitter               ; 10 pF ; -                    ; -                   ;
; colgr1[2] ; Unassigned ; --       ; no              ; no             ; no              ; no         ; yes           ; no       ; Off          ; 3.3-V LVTTL  ; Default          ; no                     ; Fitter               ; 10 pF ; -                    ; -                   ;
; colgr1[3] ; Unassigned ; --       ; no              ; no             ; no              ; no         ; yes           ; no       ; Off          ; 3.3-V LVTTL  ; Default          ; no                     ; Fitter               ; 10 pF ; -                    ; -                   ;
; colgr1[4] ; Unassigned ; --       ; no              ; no             ; no              ; no         ; yes           ; no       ; Off          ; 3.3-V LVTTL  ; Default          ; no                     ; Fitter               ; 10 pF ; -                    ; -                   ;
; colgr1[5] ; Unassigned ; --       ; no              ; no             ; no              ; no         ; yes           ; no       ; Off          ; 3.3-V LVTTL  ; Default          ; no                     ; Fitter               ; 10 pF ; -                    ; -                   ;
; colgr1[6] ; Unassigned ; --       ; no              ; no             ; no              ; no         ; yes           ; no       ; Off          ; 3.3-V LVTTL  ; Default          ; no                     ; Fitter               ; 10 pF ; -                    ; -                   ;
; colgr1[7] ; Unassigned ; --       ; no              ; no             ; no              ; yes        ; no            ; no       ; Off          ; 3.3-V LVTTL  ; Default          ; no                     ; Fitter               ; 10 pF ; -                    ; -                   ;
; colgr2[0] ; Unassigned ; --       ; no              ; no             ; no              ; yes        ; no            ; no       ; Off          ; 3.3-V LVTTL  ; Default          ; no                     ; Fitter               ; 10 pF ; -                    ; -                   ;
; colgr2[1] ; Unassigned ; --       ; no              ; no             ; no              ; no         ; yes           ; no       ; Off          ; 3.3-V LVTTL  ; Default          ; no                     ; Fitter               ; 10 pF ; -                    ; -                   ;
; colgr2[2] ; Unassigned ; --       ; no              ; no             ; no              ; yes        ; no            ; no       ; Off          ; 3.3-V LVTTL  ; Default          ; no                     ; Fitter               ; 10 pF ; -                    ; -                   ;
; colgr2[3] ; Unassigned ; --       ; no              ; no             ; no              ; yes        ; no            ; no       ; Off          ; 3.3-V LVTTL  ; Default          ; no                     ; Fitter               ; 10 pF ; -                    ; -                   ;
; colgr2[4] ; Unassigned ; --       ; no              ; no             ; no              ; yes        ; no            ; no       ; Off          ; 3.3-V LVTTL  ; Default          ; no                     ; Fitter               ; 10 pF ; -                    ; -                   ;
; colgr2[5] ; Unassigned ; --       ; no              ; no             ; no              ; yes        ; no            ; no       ; Off          ; 3.3-V LVTTL  ; Default          ; no                     ; Fitter               ; 10 pF ; -                    ; -                   ;
; colgr2[6] ; Unassigned ; --       ; no              ; no             ; no              ; no         ; yes           ; no       ; Off          ; 3.3-V LVTTL  ; Default          ; no                     ; Fitter               ; 10 pF ; -                    ; -                   ;
; colgr2[7] ; Unassigned ; --       ; no              ; no             ; no              ; yes        ; no            ; no       ; Off          ; 3.3-V LVTTL  ; Default          ; no                     ; Fitter               ; 10 pF ; -                    ; -                   ;
; fals      ; Unassigned ; --       ; no              ; no             ; no              ; no         ; no            ; no       ; Off          ; 3.3-V LVTTL  ; Default          ; no                     ; Fitter               ; 10 pF ; -                    ; -                   ;
; maxout[0] ; Unassigned ; --       ; no              ; no             ; no              ; no         ; no            ; no       ; Off          ; 3.3-V LVTTL  ; Default          ; no                     ; Fitter               ; 10 pF ; -                    ; -                   ;
; maxout[1] ; Unassigned ; --       ; no              ; no             ; no              ; no         ; no            ; no       ; Off          ; 3.3-V LVTTL  ; Default          ; no                     ; Fitter               ; 10 pF ; -                    ; -                   ;
; maxout[2] ; Unassigned ; --       ; no              ; no             ; no              ; no         ; no            ; no       ; Off          ; 3.3-V LVTTL  ; Default          ; no                     ; Fitter               ; 10 pF ; -                    ; -                   ;
; maxout[3] ; Unassigned ; --       ; no              ; no             ; no              ; no         ; no            ; no       ; Off          ; 3.3-V LVTTL  ; Default          ; no                     ; Fitter               ; 10 pF ; -                    ; -                   ;
; maxout[4] ; Unassigned ; --       ; no              ; no             ; no              ; no         ; no            ; no       ; Off          ; 3.3-V LVTTL  ; Default          ; no                     ; Fitter               ; 10 pF ; -                    ; -                   ;
; maxout[5] ; Unassigned ; --       ; no              ; no             ; no              ; no         ; no            ; no       ; Off          ; 3.3-V LVTTL  ; Default          ; no                     ; Fitter               ; 10 pF ; -                    ; -                   ;
; maxout[6] ; Unassigned ; --       ; no              ; no             ; no              ; no         ; no            ; no       ; Off          ; 3.3-V LVTTL  ; Default          ; no                     ; Fitter               ; 10 pF ; -                    ; -                   ;
; yes       ; Unassigned ; --       ; no              ; no             ; no              ; no         ; no            ; no       ; Off          ; 3.3-V LVTTL  ; Default          ; no                     ; Fitter               ; 10 pF ; -                    ; -                   ;
+-----------+------------+----------+-----------------+----------------+-----------------+------------+---------------+----------+--------------+--------------+------------------+------------------------+----------------------+-------+----------------------+---------------------+


+----------------------------------------------------------+
; I/O Bank Usage                                           ;
+----------+----------------+---------------+--------------+
; I/O Bank ; Usage          ; VCCIO Voltage ; VREF Voltage ;
+----------+----------------+---------------+--------------+
; 1        ; 0 / 26 ( 0 % ) ; 3.3V          ; --           ;
; 2        ; 0 / 30 ( 0 % ) ; 3.3V          ; --           ;
; 3        ; 0 / 30 ( 0 % ) ; 3.3V          ; --           ;
; 4        ; 0 / 30 ( 0 % ) ; 3.3V          ; --           ;
; Unknown  ; 121            ; --            ;              ;
+----------+----------------+---------------+--------------+


+------------------------------------------------------------------------------------------------------------------------------------------------+
; All Package Pins                                                                                                                               ;
+----------+------------+----------+----------------+--------+--------------+-----------+------------+-----------------+----------+--------------+
; Location ; Pad Number ; I/O Bank ; Pin Name/Usage ; Dir.   ; I/O Standard ; Voltage   ; I/O Type   ; User Assignment ; Bus Hold ; Weak Pull Up ;
+----------+------------+----------+----------------+--------+--------------+-----------+------------+-----------------+----------+--------------+
; 1        ; 2          ; 1        ; GND*           ;        ;              ;           ; Row I/O    ;                 ; no       ; Off          ;
; 2        ; 3          ; 1        ; GND*           ;        ;              ;           ; Row I/O    ;                 ; no       ; Off          ;
; 3        ; 5          ; 1        ; GND*           ;        ;              ;           ; Row I/O    ;                 ; no       ; Off          ;
; 4        ; 7          ; 1        ; GND*           ;        ;              ;           ; Row I/O    ;                 ; no       ; Off          ;
; 5        ; 9          ; 1        ; GND*           ;        ;              ;           ; Row I/O    ;                 ; no       ; Off          ;
; 6        ; 10         ; 1        ; GND*           ;        ;              ;           ; Row I/O    ;                 ; no       ; Off          ;
; 7        ; 14         ; 1        ; GND*           ;        ;              ;           ; Row I/O    ;                 ; no       ; Off          ;
; 8        ; 15         ; 1        ; GND*           ;        ;              ;           ; Row I/O    ;                 ; no       ; Off          ;
; 9        ;            ; 1        ; VCCIO1         ; power  ;              ; 3.3V      ; --         ;                 ; --       ; --           ;
; 10       ;            ;          ; GNDIO          ; gnd    ;              ;           ; --         ;                 ; --       ; --           ;
; 11       ; 20         ; 1        ; GND*           ;        ;              ;           ; Row I/O    ;                 ; no       ; Off          ;
; 12       ; 21         ; 1        ; GND*           ;        ;              ;           ; Row I/O    ;                 ; no       ; Off          ;
; 13       ; 22         ; 1        ; GND*           ;        ;              ;           ; Row I/O    ;                 ; no       ; Off          ;
; 14       ; 23         ; 1        ; GND*           ;        ;              ;           ; Row I/O    ;                 ; no       ; Off          ;
; 15       ; 24         ; 1        ; GND*           ;        ;              ;           ; Row I/O    ;                 ; no       ; Off          ;
; 16       ; 25         ; 1        ; GND*           ;        ;              ;           ; Row I/O    ;                 ; no       ; Off          ;
; 17       ;            ;          ; GNDINT         ; gnd    ;              ;           ; --         ;                 ; --       ; --           ;
; 18       ; 26         ; 1        ; GND*           ;        ;              ;           ; Row I/O    ;                 ; no       ; Off          ;
; 19       ;            ;          ; VCCINT         ; power  ;              ; 2.5V/3.3V ; --         ;                 ; --       ; --           ;
; 20       ; 27         ; 1        ; GND*           ;        ;              ;           ; Row I/O    ;                 ; no       ; Off          ;
; 21       ; 28         ; 1        ; GND*           ;        ;              ;           ; Row I/O    ;                 ; no       ; Off          ;
; 22       ; 29         ; 1        ; GND*           ;        ;              ;           ; Row I/O    ;                 ; no       ; Off          ;
; 23       ; 30         ; 1        ; GND*           ;        ;              ;           ; Row I/O    ;                 ; no       ; Off          ;
; 24       ; 31         ; 1        ; GND*           ;        ;              ;           ; Row I/O    ;                 ; no       ; Off          ;
; 25       ;            ; 1        ; VCCIO1         ; power  ;              ; 3.3V      ; --         ;                 ; --       ; --           ;
; 26       ;            ;          ; GNDIO          ; gnd    ;              ;           ; --         ;                 ; --       ; --           ;
; 27       ; 33         ; 1        ; GND*           ;        ;              ;           ; Row I/O    ;                 ; no       ; Off          ;
; 28       ; 36         ; 1        ; GND*           ;        ;              ;           ; Row I/O    ;                 ; no       ; Off          ;
; 29       ; 37         ; 1        ; GND*           ;        ;              ;           ; Row I/O    ;                 ; no       ; Off          ;
; 30       ; 41         ; 1        ; GND*           ;        ;              ;           ; Row I/O    ;                 ; no       ; Off          ;
; 31       ; 44         ; 1        ; GND*           ;        ;              ;           ; Row I/O    ;                 ; no       ; Off          ;
; 32       ; 47         ; 1        ; GND*           ;        ;              ;           ; Row I/O    ;                 ; no       ; Off          ;
; 33       ; 50         ; 1        ; #TMS           ; input  ;              ;           ; --         ;                 ; --       ; --           ;
; 34       ; 51         ; 1        ; #TDI           ; input  ;              ;           ; --         ;                 ; --       ; --           ;
; 35       ; 52         ; 1        ; #TCK           ; input  ;              ;           ; --         ;                 ; --       ; --           ;
; 36       ; 53         ; 1        ; #TDO           ; output ;              ;           ; --         ;                 ; --       ; --           ;
; 37       ; 56         ; 4        ; GND*           ;        ;              ;           ; Column I/O ;                 ; no       ; Off          ;
; 38       ; 57         ; 4        ; GND*           ;        ;              ;           ; Column I/O ;                 ; no       ; Off          ;
; 39       ; 60         ; 4        ; GND*           ;        ;              ;           ; Column I/O ;                 ; no       ; Off          ;
; 40       ; 62         ; 4        ; GND*           ;        ;              ;           ; Column I/O ;                 ; no       ; Off          ;
; 41       ; 63         ; 4        ; GND*           ;        ;              ;           ; Column I/O ;                 ; no       ; Off          ;
; 42       ; 67         ; 4        ; GND*           ;        ;              ;           ; Column I/O ;                 ; no       ; Off          ;
; 43       ; 68         ; 4        ; GND*           ;        ;              ;           ; Column I/O ;                 ; no       ; Off          ;
; 44       ; 69         ; 4        ; GND*           ;        ;              ;           ; Column I/O ;                 ; no       ; Off          ;
; 45       ; 74         ; 4        ; GND*           ;        ;              ;           ; Column I/O ;                 ; no       ; Off          ;
; 46       ;            ; 4        ; VCCIO4         ; power  ;              ; 3.3V      ; --         ;                 ; --       ; --           ;
; 47       ;            ;          ; GNDIO          ; gnd    ;              ;           ; --         ;                 ; --       ; --           ;
; 48       ; 75         ; 4        ; GND*           ;        ;              ;           ; Column I/O ;                 ; no       ; Off          ;
; 49       ; 76         ; 4        ; GND*           ;        ;              ;           ; Column I/O ;                 ; no       ; Off          ;
; 50       ; 77         ; 4        ; GND*           ;        ;              ;           ; Column I/O ;                 ; no       ; Off          ;
; 51       ; 78         ; 4        ; GND*           ;        ;              ;           ; Column I/O ;                 ; no       ; Off          ;
; 52       ; 79         ; 4        ; GND*           ;        ;              ;           ; Column I/O ;                 ; no       ; Off          ;
; 53       ; 80         ; 4        ; GND*           ;        ;              ;           ; Column I/O ;                 ; no       ; Off          ;
; 54       ;            ;          ; GNDINT         ; gnd    ;              ;           ; --         ;                 ; --       ; --           ;
; 55       ; 81         ; 4        ; GND*           ;        ;              ;           ; Column I/O ;                 ; no       ; Off          ;
; 56       ;            ;          ; VCCINT         ; power  ;              ; 2.5V/3.3V ; --         ;                 ; --       ; --           ;
; 57       ; 82         ; 4        ; GND*           ;        ;              ;           ; Column I/O ;                 ; no       ; Off          ;
; 58       ; 83         ; 4        ; GND*           ;        ;              ;           ; Column I/O ;                 ; no       ; Off          ;
; 59       ; 84         ; 4        ; GND*           ;        ;              ;           ; Column I/O ;                 ; no       ; Off          ;
; 60       ; 85         ; 4        ; GND*           ;        ;              ;           ; Column I/O ;                 ; no       ; Off          ;
; 61       ; 86         ; 4        ; GND*           ;        ;              ;           ; Column I/O ;                 ; no       ; Off          ;
; 62       ; 87         ; 4        ; GND*           ;        ;              ;           ; Column I/O ;                 ; no       ; Off          ;
; 63       ; 88         ; 4        ; GND*           ;        ;              ;           ; Column I/O ;                 ; no       ; Off          ;
; 64       ;            ; 4        ; VCCIO4         ; power  ;              ; 3.3V      ; --         ;                 ; --       ; --           ;
; 65       ;            ;          ; GNDIO          ; gnd    ;              ;           ; --         ;                 ; --       ; --           ;
; 66       ; 91         ; 4        ; GND*           ;        ;              ;           ; Column I/O ;                 ; no       ; Off          ;
; 67       ; 92         ; 4        ; GND*           ;        ;              ;           ; Column I/O ;                 ; no       ; Off          ;
; 68       ; 95         ; 4        ; GND*           ;        ;              ;           ; Column I/O ;                 ; no       ; Off          ;
; 69       ; 98         ; 4        ; GND*           ;        ;              ;           ; Column I/O ;                 ; no       ; Off          ;
; 70       ; 101        ; 4        ; GND*           ;        ;              ;           ; Column I/O ;                 ; no       ; Off          ;
; 71       ; 104        ; 4        ; GND*           ;        ;              ;           ; Column I/O ;                 ; no       ; Off          ;
; 72       ; 107        ; 4        ; GND*           ;        ;              ;           ; Column I/O ;                 ; no       ; Off          ;
; 73       ; 111        ; 3        ; GND*           ;        ;              ;           ; Row I/O    ;                 ; no       ; Off          ;
; 74       ; 112        ; 3        ; GND*           ;        ;              ;           ; Row I/O    ;                 ; no       ; Off          ;
; 75       ; 113        ; 3        ; GND*           ;        ;              ;           ; Row I/O    ;                 ; no       ; Off          ;
; 76       ; 115        ; 3        ; GND*           ;        ;              ;           ; Row I/O    ;                 ; no       ; Off          ;
; 77       ; 118        ; 3        ; GND*           ;        ;              ;           ; Row I/O    ;                 ; no       ; Off          ;
; 78       ; 122        ; 3        ; GND*           ;        ;              ;           ; Row I/O    ;                 ; no       ; Off          ;
; 79       ; 123        ; 3        ; GND*           ;        ;              ;           ; Row I/O    ;                 ; no       ; Off          ;
; 80       ; 124        ; 3        ; GND*           ;        ;              ;           ; Row I/O    ;                 ; no       ; Off          ;
; 81       ; 127        ; 3        ; GND*           ;        ;              ;           ; Row I/O    ;                 ; no       ; Off          ;
; 82       ;            ; 3        ; VCCIO3         ; power  ;              ; 3.3V      ; --         ;                 ; --       ; --           ;
; 83       ;            ;          ; GNDIO          ; gnd    ;              ;           ; --         ;                 ; --       ; --           ;
; 84       ; 129        ; 3        ; GND*           ;        ;              ;           ; Row I/O    ;                 ; no       ; Off          ;
; 85       ; 130        ; 3        ; GND*           ;        ;              ;           ; Row I/O    ;                 ; no       ; Off          ;
; 86       ; 131        ; 3        ; GND*           ;        ;              ;           ; Row I/O    ;                 ; no       ; Off          ;
; 87       ; 132        ; 3        ; GND*           ;        ;              ;           ; Row I/O    ;                 ; no       ; Off          ;
; 88       ; 133        ; 3        ; GND*           ;        ;              ;           ; Row I/O    ;                 ; no       ; Off          ;
; 89       ; 134        ; 3        ; GND*           ;        ;              ;           ; Row I/O    ;                 ; no       ; Off          ;
; 90       ;            ;          ; VCCINT         ; power  ;              ; 2.5V/3.3V ; --         ;                 ; --       ; --           ;
; 91       ; 135        ; 3        ; GND*           ;        ;              ;           ; Row I/O    ;                 ; no       ; Off          ;
; 92       ;            ;          ; GNDINT         ; gnd    ;              ;           ; --         ;                 ; --       ; --           ;
; 93       ; 136        ; 3        ; GND*           ;        ;              ;           ; Row I/O    ;                 ; no       ; Off          ;
; 94       ; 137        ; 3        ; GND*           ;        ;              ;           ; Row I/O    ;                 ; no       ; Off          ;
; 95       ; 138        ; 3        ; GND*           ;        ;              ;           ; Row I/O    ;                 ; no       ; Off          ;
; 96       ; 139        ; 3        ; GND*           ;        ;              ;           ; Row I/O    ;                 ; no       ; Off          ;
; 97       ; 140        ; 3        ; GND*           ;        ;              ;           ; Row I/O    ;                 ; no       ; Off          ;
; 98       ; 141        ; 3        ; GND*           ;        ;              ;           ; Row I/O    ;                 ; no       ; Off          ;
; 99       ;            ;          ; GNDIO          ; gnd    ;              ;           ; --         ;                 ; --       ; --           ;
; 100      ;            ; 3        ; VCCIO3         ; power  ;              ; 3.3V      ; --         ;                 ; --       ; --           ;
; 101      ; 142        ; 3        ; GND*           ;        ;              ;           ; Row I/O    ;                 ; no       ; Off          ;
; 102      ; 146        ; 3        ; GND*           ;        ;              ;           ; Row I/O    ;                 ; no       ; Off          ;
; 103      ; 147        ; 3        ; GND*           ;        ;              ;           ; Row I/O    ;                 ; no       ; Off          ;
; 104      ; 151        ; 3        ; GND*           ;        ;              ;           ; Row I/O    ;                 ; no       ; Off          ;
; 105      ; 152        ; 3        ; GND*           ;        ;              ;           ; Row I/O    ;                 ; no       ; Off          ;
; 106      ; 154        ; 3        ; GND*           ;        ;              ;           ; Row I/O    ;                 ; no       ; Off          ;
; 107      ; 156        ; 3        ; GND*           ;        ;              ;           ; Row I/O    ;                 ; no       ; Off          ;
; 108      ; 158        ; 3        ; GND*           ;        ;              ;           ; Row I/O    ;                 ; no       ; Off          ;
; 109      ; 164        ; 2        ; GND*           ;        ;              ;           ; Column I/O ;                 ; no       ; Off          ;
; 110      ; 165        ; 2        ; GND*           ;        ;              ;           ; Column I/O ;                 ; no       ; Off          ;
; 111      ; 166        ; 2        ; GND*           ;        ;              ;           ; Column I/O ;                 ; no       ; Off          ;
; 112      ; 171        ; 2        ; GND*           ;        ;              ;           ; Column I/O ;                 ; no       ; Off          ;
; 113      ; 174        ; 2        ; GND*           ;        ;              ;           ; Column I/O ;                 ; no       ; Off          ;
; 114      ; 177        ; 2        ; GND*           ;        ;              ;           ; Column I/O ;                 ; no       ; Off          ;
; 115      ;            ;          ; GNDIO          ; gnd    ;              ;           ; --         ;                 ; --       ; --           ;
; 116      ;            ; 2        ; VCCIO2         ; power  ;              ; 3.3V      ; --         ;                 ; --       ; --           ;
; 117      ; 180        ; 2        ; GND*           ;        ;              ;           ; Column I/O ;                 ; no       ; Off          ;
; 118      ; 181        ; 2        ; GND*           ;        ;              ;           ; Column I/O ;                 ; no       ; Off          ;
; 119      ; 182        ; 2        ; GND*           ;        ;              ;           ; Column I/O ;                 ; no       ; Off          ;
; 120      ; 183        ; 2        ; GND*           ;        ;              ;           ; Column I/O ;                 ; no       ; Off          ;
; 121      ; 184        ; 2        ; GND*           ;        ;              ;           ; Column I/O ;                 ; no       ; Off          ;
; 122      ; 185        ; 2        ; GND*           ;        ;              ;           ; Column I/O ;                 ; no       ; Off          ;
; 123      ; 186        ; 2        ; GND*           ;        ;              ;           ; Column I/O ;                 ; no       ; Off          ;
; 124      ; 187        ; 2        ; GND*           ;        ;              ;           ; Column I/O ;                 ; no       ; Off          ;
; 125      ; 188        ; 2        ; GND*           ;        ;              ;           ; Column I/O ;                 ; no       ; Off          ;
; 126      ;            ;          ; VCCINT         ; power  ;              ; 2.5V/3.3V ; --         ;                 ; --       ; --           ;
; 127      ; 189        ; 2        ; GND*           ;        ;              ;           ; Column I/O ;                 ; no       ; Off          ;
; 128      ;            ;          ; GNDINT         ; gnd    ;              ;           ; --         ;                 ; --       ; --           ;
; 129      ; 190        ; 2        ; GND*           ;        ;              ;           ; Column I/O ;                 ; no       ; Off          ;
; 130      ; 191        ; 2        ; GND*           ;        ;              ;           ; Column I/O ;                 ; no       ; Off          ;
; 131      ; 192        ; 2        ; GND*           ;        ;              ;           ; Column I/O ;                 ; no       ; Off          ;
; 132      ; 193        ; 2        ; GND*           ;        ;              ;           ; Column I/O ;                 ; no       ; Off          ;
; 133      ; 194        ; 2        ; GND*           ;        ;              ;           ; Column I/O ;                 ; no       ; Off          ;
; 134      ; 195        ; 2        ; GND*           ;        ;              ;           ; Column I/O ;                 ; no       ; Off          ;
; 135      ;            ;          ; GNDIO          ; gnd    ;              ;           ; --         ;                 ; --       ; --           ;
; 136      ;            ; 2        ; VCCIO2         ; power  ;              ; 3.3V      ; --         ;                 ; --       ; --           ;
; 137      ; 199        ; 2        ; GND*           ;        ;              ;           ; Column I/O ;                 ; no       ; Off          ;
; 138      ; 200        ; 2        ; GND*           ;        ;              ;           ; Column I/O ;                 ; no       ; Off          ;
; 139      ; 201        ; 2        ; GND*           ;        ;              ;           ; Column I/O ;                 ; no       ; Off          ;
; 140      ; 204        ; 2        ; GND*           ;        ;              ;           ; Column I/O ;                 ; no       ; Off          ;
; 141      ; 205        ; 2        ; GND*           ;        ;              ;           ; Column I/O ;                 ; no       ; Off          ;
; 142      ; 208        ; 2        ; GND*           ;        ;              ;           ; Column I/O ;                 ; no       ; Off          ;
; 143      ; 212        ; 2        ; GND*           ;        ;              ;           ; Column I/O ;                 ; no       ; Off          ;
; 144      ; 215        ; 2        ; GND*           ;        ;              ;           ; Column I/O ;                 ; no       ; Off          ;
+----------+------------+----------+----------------+--------+--------------+-----------+------------+-----------------+----------+--------------+
Note: Pin directions (input, output or bidir) are based on device operating in user mode.


+-------------------------------------------------------------+
; Output Pin Default Load For Reported TCO                    ;
+----------------------------+-------+------------------------+
; I/O Standard               ; Load  ; Termination Resistance ;
+----------------------------+-------+------------------------+
; 3.3-V LVTTL                ; 10 pF ; Not Available          ;
; 3.3-V LVCMOS               ; 10 pF ; Not Available          ;
; 2.5 V                      ; 10 pF ; Not Available          ;
; 1.8 V                      ; 10 pF ; Not Available          ;
; 1.5 V                      ; 10 pF ; Not Available          ;
; 3.3V Schmitt Trigger Input ; 10 pF ; Not Available          ;
; 2.5V Schmitt Trigger Input ; 10 pF ; Not Available          ;
; 3.3-V PCI                  ; 10 pF ; 25 Ohm (Parallel)      ;
+----------------------------+-------+------------------------+
Note: User assignments will override these defaults. The user specified values are listed in the Output Pins and Bidir Pins tables.


+----------------------------------------------------------------------------------------------------------------------------------------------------------------------------------------------------------------------+
; Fitter Resource Utilization by Entity                                                                                                                                                                                ;
+----------------------------+-------------+--------------+------------+------+--------------+--------------+-------------------+------------------+-----------------+------------+---------------------+--------------+
; Compilation Hierarchy Node ; Logic Cells ; LC Registers ; UFM Blocks ; Pins ; Virtual Pins ; LUT-Only LCs ; Register-Only LCs ; LUT/Register LCs ; Carry Chain LCs ; Packed LCs ; Full Hierarchy Name ; Library Name ;
+----------------------------+-------------+--------------+------------+------+--------------+--------------+-------------------+------------------+-----------------+------------+---------------------+--------------+
; |dzn                       ; 150 (2)     ; 45           ; 0          ; 121  ; 0            ; 105 (2)      ; 33 (0)            ; 12 (0)           ; 14 (0)          ; 0 (0)      ; |dzn                ; work         ;
;    |dzn_lg:u2|             ; 102 (102)   ; 42           ; 0          ; 0    ; 0            ; 60 (60)      ; 33 (33)           ; 9 (9)            ; 14 (14)         ; 0 (0)      ; |dzn|dzn_lg:u2      ; work         ;
;    |dzn_st:u1|             ; 46 (46)     ; 3            ; 0          ; 0    ; 0            ; 43 (43)      ; 0 (0)             ; 3 (3)            ; 0 (0)           ; 0 (0)      ; |dzn|dzn_st:u1      ; work         ;
+----------------------------+-------------+--------------+------------+------+--------------+--------------+-------------------+------------------+-----------------+------------+---------------------+--------------+
Note: For table entries with two numbers listed, the numbers in parentheses indicate the number of resources of the given type used by the specific entity alone. The numbers listed outside of parentheses indicate the total resources of the given type used by the specific entity and all of its sub-entities in the hierarchy.


+-----------------------------------------+
; Delay Chain Summary                     ;
+--------------+----------+---------------+
; Name         ; Pin Type ; Pad to Core 0 ;
+--------------+----------+---------------+
; isout        ; Input    ; 0             ;
; rst          ; Input    ; 0             ;
; happy        ; Input    ; 0             ;
; incol0[0]    ; Input    ; 0             ;
; incol0[1]    ; Input    ; 0             ;
; incol0[2]    ; Input    ; 0             ;
; incol0[3]    ; Input    ; 0             ;
; incol0[4]    ; Input    ; 0             ;
; incol0[5]    ; Input    ; 0             ;
; incol0[6]    ; Input    ; 0             ;
; incol0[7]    ; Input    ; 0             ;
; incol1[0]    ; Input    ; 0             ;
; incol1[1]    ; Input    ; 0             ;
; incol1[2]    ; Input    ; 0             ;
; incol1[3]    ; Input    ; 0             ;
; incol1[4]    ; Input    ; 0             ;
; incol1[5]    ; Input    ; 0             ;
; incol1[6]    ; Input    ; 0             ;
; incol1[7]    ; Input    ; 0             ;
; incol2[0]    ; Input    ; 0             ;
; incol2[1]    ; Input    ; 0             ;
; incol2[2]    ; Input    ; 0             ;
; incol2[3]    ; Input    ; 0             ;
; incol2[4]    ; Input    ; 0             ;
; incol2[5]    ; Input    ; 0             ;
; incol2[6]    ; Input    ; 0             ;
; incol2[7]    ; Input    ; 0             ;
; incol3[0]    ; Input    ; 0             ;
; incol3[1]    ; Input    ; 0             ;
; incol3[2]    ; Input    ; 0             ;
; incol3[3]    ; Input    ; 0             ;
; incol3[4]    ; Input    ; 0             ;
; incol3[5]    ; Input    ; 0             ;
; incol3[6]    ; Input    ; 0             ;
; incol3[7]    ; Input    ; 0             ;
; max[0]       ; Input    ; 0             ;
; max[1]       ; Input    ; 0             ;
; max[2]       ; Input    ; 0             ;
; max[3]       ; Input    ; 0             ;
; max[4]       ; Input    ; 0             ;
; max[5]       ; Input    ; 0             ;
; max[6]       ; Input    ; 0             ;
; next_mession ; Input    ; 0             ;
; clk          ; Input    ; 0             ;
; isready      ; Input    ; 0             ;
; keys[0]      ; Input    ; 0             ;
; keys[1]      ; Input    ; 0             ;
; keys[2]      ; Input    ; 0             ;
; keys[3]      ; Input    ; 0             ;
; bushu[0]     ; Output   ; --            ;
; bushu[1]     ; Output   ; --            ;
; bushu[2]     ; Output   ; --            ;
; bushu[3]     ; Output   ; --            ;
; bushu[4]     ; Output   ; --            ;
; bushu[5]     ; Output   ; --            ;
; bushu[6]     ; Output   ; --            ;
; col0[0]      ; Output   ; --            ;
; col0[1]      ; Output   ; --            ;
; col0[2]      ; Output   ; --            ;
; col0[3]      ; Output   ; --            ;
; col0[4]      ; Output   ; --            ;
; col0[5]      ; Output   ; --            ;
; col0[6]      ; Output   ; --            ;
; col0[7]      ; Output   ; --            ;
; col2[0]      ; Output   ; --            ;
; col2[1]      ; Output   ; --            ;
; col2[2]      ; Output   ; --            ;
; col2[3]      ; Output   ; --            ;
; col2[4]      ; Output   ; --            ;
; col2[5]      ; Output   ; --            ;
; col2[6]      ; Output   ; --            ;
; col2[7]      ; Output   ; --            ;
; col3[0]      ; Output   ; --            ;
; col3[1]      ; Output   ; --            ;
; col3[2]      ; Output   ; --            ;
; col3[3]      ; Output   ; --            ;
; col3[4]      ; Output   ; --            ;
; col3[5]      ; Output   ; --            ;
; col3[6]      ; Output   ; --            ;
; col3[7]      ; Output   ; --            ;
; col4[0]      ; Output   ; --            ;
; col4[1]      ; Output   ; --            ;
; col4[2]      ; Output   ; --            ;
; col4[3]      ; Output   ; --            ;
; col4[4]      ; Output   ; --            ;
; col4[5]      ; Output   ; --            ;
; col4[6]      ; Output   ; --            ;
; col4[7]      ; Output   ; --            ;
; col5[0]      ; Output   ; --            ;
; col5[1]      ; Output   ; --            ;
; col5[2]      ; Output   ; --            ;
; col5[3]      ; Output   ; --            ;
; col5[4]      ; Output   ; --            ;
; col5[5]      ; Output   ; --            ;
; col5[6]      ; Output   ; --            ;
; col5[7]      ; Output   ; --            ;
; fals         ; Output   ; --            ;
; maxout[0]    ; Output   ; --            ;
; maxout[1]    ; Output   ; --            ;
; maxout[2]    ; Output   ; --            ;
; maxout[3]    ; Output   ; --            ;
; maxout[4]    ; Output   ; --            ;
; maxout[5]    ; Output   ; --            ;
; maxout[6]    ; Output   ; --            ;
; colgr1[0]    ; Output   ; --            ;
; colgr1[1]    ; Output   ; --            ;
; colgr1[2]    ; Output   ; --            ;
; colgr1[3]    ; Output   ; --            ;
; colgr1[4]    ; Output   ; --            ;
; colgr1[5]    ; Output   ; --            ;
; colgr1[6]    ; Output   ; --            ;
; colgr1[7]    ; Output   ; --            ;
; colgr2[0]    ; Output   ; --            ;
; colgr2[1]    ; Output   ; --            ;
; colgr2[2]    ; Output   ; --            ;
; colgr2[3]    ; Output   ; --            ;
; colgr2[4]    ; Output   ; --            ;
; colgr2[5]    ; Output   ; --            ;
; colgr2[6]    ; Output   ; --            ;
; colgr2[7]    ; Output   ; --            ;
; yes          ; Output   ; --            ;
+--------------+----------+---------------+


+----------------------------------------------------------------------------------------------------------------------------------------+
; Control Signals                                                                                                                        ;
+--------------------+------------+---------+-----------------------------------------+--------+----------------------+------------------+
; Name               ; Location   ; Fan-Out ; Usage                                   ; Global ; Global Resource Used ; Global Line Name ;
+--------------------+------------+---------+-----------------------------------------+--------+----------------------+------------------+
; clk                ; Unassigned ; 3       ; Clock                                   ; yes    ; Global Clock         ; Not Available    ;
; comb~0             ; Unassigned ; 49      ; Async. clear, Async. load, Latch enable ; no     ; --                   ; --               ;
; dzn_lg:u2|Equal0~0 ; Unassigned ; 40      ; Clock enable                            ; no     ; --                   ; --               ;
; isout              ; Unassigned ; 42      ; Clock                                   ; yes    ; Global Clock         ; Not Available    ;
; process_0~0        ; Unassigned ; 56      ; Output enable                           ; no     ; --                   ; --               ;
; rst                ; Unassigned ; 4       ; Async. clear                            ; yes    ; Global Clock         ; Not Available    ;
+--------------------+------------+---------+-----------------------------------------+--------+----------------------+------------------+


+------------------------------------------------------------------------+
; Global & Other Fast Signals                                            ;
+-------+------------+---------+----------------------+------------------+
; Name  ; Location   ; Fan-Out ; Global Resource Used ; Global Line Name ;
+-------+------------+---------+----------------------+------------------+
; clk   ; Unassigned ; 3       ; Global Clock         ; Not Available    ;
; isout ; Unassigned ; 42      ; Global Clock         ; Not Available    ;
; rst   ; Unassigned ; 4       ; Global Clock         ; Not Available    ;
+-------+------------+---------+----------------------+------------------+


+-----------------------------------+
; Non-Global High Fan-Out Signals   ;
+-------------------------+---------+
; Name                    ; Fan-Out ;
+-------------------------+---------+
; process_0~0             ; 56      ;
; dzn_st:u1|now_state.s0  ; 51      ;
; comb~0                  ; 49      ;
; dzn_lg:u2|Equal0~0      ; 40      ;
; keys[3]                 ; 16      ;
; keys[2]                 ; 16      ;
; keys[1]                 ; 16      ;
; keys[0]                 ; 16      ;
; dzn_lg:u2|bu[6]         ; 5       ;
; dzn_lg:u2|bu[5]         ; 5       ;
; dzn_lg:u2|bu[4]         ; 5       ;
; dzn_lg:u2|bu[3]         ; 5       ;
; dzn_lg:u2|bu[2]         ; 5       ;
; dzn_lg:u2|bu[1]         ; 5       ;
; dzn_lg:u2|bu[0]         ; 5       ;
; dzn_lg:u2|max[6]        ; 4       ;
; dzn_lg:u2|max[5]        ; 4       ;
; dzn_lg:u2|max[4]        ; 4       ;
; dzn_lg:u2|max[3]        ; 4       ;
; dzn_lg:u2|max[2]        ; 4       ;
; dzn_lg:u2|max[1]        ; 4       ;
; dzn_lg:u2|max[0]        ; 4       ;
; dzn_st:u1|col5[7]~7     ; 3       ;
; dzn_st:u1|col5[6]~6     ; 3       ;
; dzn_lg:u2|temparr[3][5] ; 3       ;
; dzn_lg:u2|temparr[3][4] ; 3       ;
; dzn_lg:u2|temparr[3][3] ; 3       ;
; dzn_lg:u2|temparr[3][2] ; 3       ;
; dzn_st:u1|col5[1]~1     ; 3       ;
; dzn_st:u1|col5[0]~0     ; 3       ;
; dzn_st:u1|col4[7]~7     ; 3       ;
; dzn_st:u1|col4[6]~6     ; 3       ;
; dzn_lg:u2|temparr[2][5] ; 3       ;
; dzn_lg:u2|temparr[2][4] ; 3       ;
; dzn_lg:u2|temparr[2][3] ; 3       ;
; dzn_lg:u2|temparr[2][2] ; 3       ;
; dzn_st:u1|col4[1]~1     ; 3       ;
; dzn_st:u1|col4[0]~0     ; 3       ;
; dzn_st:u1|col3[7]~7     ; 3       ;
; dzn_st:u1|col3[6]~6     ; 3       ;
; dzn_lg:u2|temparr[1][5] ; 3       ;
; dzn_lg:u2|temparr[1][4] ; 3       ;
; dzn_lg:u2|temparr[1][3] ; 3       ;
; dzn_lg:u2|temparr[1][2] ; 3       ;
; dzn_st:u1|col3[1]~1     ; 3       ;
; dzn_st:u1|col3[0]~0     ; 3       ;
; dzn_st:u1|col2[7]~7     ; 3       ;
; dzn_st:u1|col2[6]~6     ; 3       ;
; dzn_lg:u2|temparr[0][5] ; 3       ;
; dzn_lg:u2|temparr[0][4] ; 3       ;
+-------------------------+---------+


+-------------------------------------------------------------------------+
; Fitter Device Options                                                   ;
+----------------------------------------------+--------------------------+
; Option                                       ; Setting                  ;
+----------------------------------------------+--------------------------+
; Enable user-supplied start-up clock (CLKUSR) ; Off                      ;
; Enable device-wide reset (DEV_CLRn)          ; Off                      ;
; Enable device-wide output enable (DEV_OE)    ; Off                      ;
; Enable INIT_DONE output                      ; Off                      ;
; Configuration scheme                         ; Passive Serial           ;
; Reserve all unused pins                      ; As output driving ground ;
; Base pin-out file on sameframe device        ; Off                      ;
+----------------------------------------------+--------------------------+


+-----------------+
; Fitter Messages ;
+-----------------+
Info: *******************************************************************
Info: Running Quartus II Fitter
    Info: Version 9.1 Build 222 10/21/2009 SJ Web Edition
    Info: Processing started: Sun Nov 04 20:41:31 2018
Info: Command: quartus_fit --read_settings_files=off --write_settings_files=off dzn -c dzn
Info: Selected device EPM1270T144C5 for design "dzn"
Info: Low junction temperature is 0 degrees C
Info: High junction temperature is 85 degrees C
Info: Fitter is performing an Auto Fit compilation, which may decrease Fitter effort to reduce compilation time
Warning: Feature LogicLock is only available with a valid subscription license. Please purchase a software subscription to gain full access to this feature.
Info: Device migration not selected. If you intend to use device migration later, you may need to change the pin assignments as they may be incompatible with other devices
    Info: Device EPM570T144C5 is compatible
    Info: Device EPM570T144I5 is compatible
    Info: Device EPM570T144A5 is compatible
    Info: Device EPM1270T144I5 is compatible
    Info: Device EPM1270T144A5 is compatible
Critical Warning: No exact pin location assignment(s) for 121 pins of 121 total pins
    Info: Pin bushu[0] not assigned to an exact location on the device
    Info: Pin bushu[1] not assigned to an exact location on the device
    Info: Pin bushu[2] not assigned to an exact location on the device
    Info: Pin bushu[3] not assigned to an exact location on the device
    Info: Pin bushu[4] not assigned to an exact location on the device
    Info: Pin bushu[5] not assigned to an exact location on the device
    Info: Pin bushu[6] not assigned to an exact location on the device
    Info: Pin col0[0] not assigned to an exact location on the device
    Info: Pin col0[1] not assigned to an exact location on the device
    Info: Pin col0[2] not assigned to an exact location on the device
    Info: Pin col0[3] not assigned to an exact location on the device
    Info: Pin col0[4] not assigned to an exact location on the device
    Info: Pin col0[5] not assigned to an exact location on the device
    Info: Pin col0[6] not assigned to an exact location on the device
    Info: Pin col0[7] not assigned to an exact location on the device
    Info: Pin col2[0] not assigned to an exact location on the device
    Info: Pin col2[1] not assigned to an exact location on the device
    Info: Pin col2[2] not assigned to an exact location on the device
    Info: Pin col2[3] not assigned to an exact location on the device
    Info: Pin col2[4] not assigned to an exact location on the device
    Info: Pin col2[5] not assigned to an exact location on the device
    Info: Pin col2[6] not assigned to an exact location on the device
    Info: Pin col2[7] not assigned to an exact location on the device
    Info: Pin col3[0] not assigned to an exact location on the device
    Info: Pin col3[1] not assigned to an exact location on the device
    Info: Pin col3[2] not assigned to an exact location on the device
    Info: Pin col3[3] not assigned to an exact location on the device
    Info: Pin col3[4] not assigned to an exact location on the device
    Info: Pin col3[5] not assigned to an exact location on the device
    Info: Pin col3[6] not assigned to an exact location on the device
    Info: Pin col3[7] not assigned to an exact location on the device
    Info: Pin col4[0] not assigned to an exact location on the device
    Info: Pin col4[1] not assigned to an exact location on the device
    Info: Pin col4[2] not assigned to an exact location on the device
    Info: Pin col4[3] not assigned to an exact location on the device
    Info: Pin col4[4] not assigned to an exact location on the device
    Info: Pin col4[5] not assigned to an exact location on the device
    Info: Pin col4[6] not assigned to an exact location on the device
    Info: Pin col4[7] not assigned to an exact location on the device
    Info: Pin col5[0] not assigned to an exact location on the device
    Info: Pin col5[1] not assigned to an exact location on the device
    Info: Pin col5[2] not assigned to an exact location on the device
    Info: Pin col5[3] not assigned to an exact location on the device
    Info: Pin col5[4] not assigned to an exact location on the device
    Info: Pin col5[5] not assigned to an exact location on the device
    Info: Pin col5[6] not assigned to an exact location on the device
    Info: Pin col5[7] not assigned to an exact location on the device
    Info: Pin fals not assigned to an exact location on the device
    Info: Pin maxout[0] not assigned to an exact location on the device
    Info: Pin maxout[1] not assigned to an exact location on the device
    Info: Pin maxout[2] not assigned to an exact location on the device
    Info: Pin maxout[3] not assigned to an exact location on the device
    Info: Pin maxout[4] not assigned to an exact location on the device
    Info: Pin maxout[5] not assigned to an exact location on the device
    Info: Pin maxout[6] not assigned to an exact location on the device
    Info: Pin colgr1[0] not assigned to an exact location on the device
    Info: Pin colgr1[1] not assigned to an exact location on the device
    Info: Pin colgr1[2] not assigned to an exact location on the device
    Info: Pin colgr1[3] not assigned to an exact location on the device
    Info: Pin colgr1[4] not assigned to an exact location on the device
    Info: Pin colgr1[5] not assigned to an exact location on the device
    Info: Pin colgr1[6] not assigned to an exact location on the device
    Info: Pin colgr1[7] not assigned to an exact location on the device
    Info: Pin colgr2[0] not assigned to an exact location on the device
    Info: Pin colgr2[1] not assigned to an exact location on the device
    Info: Pin colgr2[2] not assigned to an exact location on the device
    Info: Pin colgr2[3] not assigned to an exact location on the device
    Info: Pin colgr2[4] not assigned to an exact location on the device
    Info: Pin colgr2[5] not assigned to an exact location on the device
    Info: Pin colgr2[6] not assigned to an exact location on the device
    Info: Pin colgr2[7] not assigned to an exact location on the device
    Info: Pin yes not assigned to an exact location on the device
    Info: Pin isout not assigned to an exact location on the device
    Info: Pin rst not assigned to an exact location on the device
    Info: Pin happy not assigned to an exact location on the device
    Info: Pin incol0[0] not assigned to an exact location on the device
    Info: Pin incol0[1] not assigned to an exact location on the device
    Info: Pin incol0[2] not assigned to an exact location on the device
    Info: Pin incol0[3] not assigned to an exact location on the device
    Info: Pin incol0[4] not assigned to an exact location on the device
    Info: Pin incol0[5] not assigned to an exact location on the device
    Info: Pin incol0[6] not assigned to an exact location on the device
    Info: Pin incol0[7] not assigned to an exact location on the device
    Info: Pin incol1[0] not assigned to an exact location on the device
    Info: Pin incol1[1] not assigned to an exact location on the device
    Info: Pin incol1[2] not assigned to an exact location on the device
    Info: Pin incol1[3] not assigned to an exact location on the device
    Info: Pin incol1[4] not assigned to an exact location on the device
    Info: Pin incol1[5] not assigned to an exact location on the device
    Info: Pin incol1[6] not assigned to an exact location on the device
    Info: Pin incol1[7] not assigned to an exact location on the device
    Info: Pin incol2[0] not assigned to an exact location on the device
    Info: Pin incol2[1] not assigned to an exact location on the device
    Info: Pin incol2[2] not assigned to an exact location on the device
    Info: Pin incol2[3] not assigned to an exact location on the device
    Info: Pin incol2[4] not assigned to an exact location on the device
    Info: Pin incol2[5] not assigned to an exact location on the device
    Info: Pin incol2[6] not assigned to an exact location on the device
    Info: Pin incol2[7] not assigned to an exact location on the device
    Info: Pin incol3[0] not assigned to an exact location on the device
    Info: Pin incol3[1] not assigned to an exact location on the device
    Info: Pin incol3[2] not assigned to an exact location on the device
    Info: Pin incol3[3] not assigned to an exact location on the device
    Info: Pin incol3[4] not assigned to an exact location on the device
    Info: Pin incol3[5] not assigned to an exact location on the device
    Info: Pin incol3[6] not assigned to an exact location on the device
    Info: Pin incol3[7] not assigned to an exact location on the device
    Info: Pin max[0] not assigned to an exact location on the device
    Info: Pin max[1] not assigned to an exact location on the device
    Info: Pin max[2] not assigned to an exact location on the device
    Info: Pin max[3] not assigned to an exact location on the device
    Info: Pin max[4] not assigned to an exact location on the device
    Info: Pin max[5] not assigned to an exact location on the device
    Info: Pin max[6] not assigned to an exact location on the device
    Info: Pin next_mession not assigned to an exact location on the device
    Info: Pin clk not assigned to an exact location on the device
    Info: Pin isready not assigned to an exact location on the device
    Info: Pin keys[0] not assigned to an exact location on the device
    Info: Pin keys[1] not assigned to an exact location on the device
    Info: Pin keys[2] not assigned to an exact location on the device
    Info: Pin keys[3] not assigned to an exact location on the device
Info: Timing-driven compilation is using the Classic Timing Analyzer
Info: Timing requirements not specified -- optimizing circuit to achieve the following default global requirements
    Info: Assuming a global fmax requirement of 1000 MHz
    Info: Assuming a global tsu requirement of 2.0 ns
    Info: Assuming a global tco requirement of 1.0 ns
    Info: Assuming a global tpd requirement of 1.0 ns
Extra Info: Performing register packing on registers with non-logic cell location assignments
Extra Info: Completed register packing on registers with non-logic cell location assignments
Info: Completed User Assigned Global Signals Promotion Operation
Info: Automatically promoted signal "isout" to use Global clock in PIN 18
Info: Automatically promoted signal "clk" to use Global clock in PIN 20
Info: Automatically promoted some destinations of signal "rst" to use Global clock in PIN 91
    Info: Destination "comb~0" may be non-global or may not use global clock
Error: Project requires 121 general-purpose I/O pins and 0 reserved I/O pins, but target device can contain only 116 general-purpose I/O pins
Info: Completed Auto Global Promotion Operation
Info: Fitter preparation operations ending: elapsed time is 00:00:00
Error: Can't fit design in device
Warning: Following 8 pins have nothing, GND, or VCC driving datain port -- changes to this connectivity may change fitting results
    Info: Pin colgr1[1] has VCC driving its datain port
    Info: Pin colgr1[2] has VCC driving its datain port
    Info: Pin colgr1[3] has VCC driving its datain port
    Info: Pin colgr1[4] has VCC driving its datain port
    Info: Pin colgr1[5] has VCC driving its datain port
    Info: Pin colgr1[6] has VCC driving its datain port
    Info: Pin colgr2[1] has VCC driving its datain port
    Info: Pin colgr2[6] has VCC driving its datain port
Warning: The Reserve All Unused Pins setting has not been specified, and will default to 'As output driving ground'.
Error: Quartus II Fitter was unsuccessful. 2 errors, 4 warnings
    Error: Peak virtual memory: 254 megabytes
    Error: Processing ended: Sun Nov 04 20:41:32 2018
    Error: Elapsed time: 00:00:01
    Error: Total CPU time (on all processors): 00:00:01


