Analysis & Synthesis report for pic
Sun Nov 04 20:35:11 2018
Quartus II Version 9.1 Build 222 10/21/2009 SJ Web Edition


---------------------
; Table of Contents ;
---------------------
  1. Legal Notice
  2. Analysis & Synthesis Summary
  3. Analysis & Synthesis Settings
  4. Parallel Compilation
  5. Analysis & Synthesis Source Files Read
  6. Analysis & Synthesis Resource Usage Summary
  7. Analysis & Synthesis Resource Utilization by Entity
  8. State Machine - |pic|pic_rdm:u2|now_state
  9. User-Specified and Inferred Latches
 10. General Register Statistics
 11. Inverted Register Statistics
 12. Multiplexer Restructuring Statistics (Restructuring Performed)
 13. Analysis & Synthesis Messages



----------------
; Legal Notice ;
----------------
Copyright (C) 1991-2009 Altera Corporation
Your use of Altera Corporation's design tools, logic functions 
and other software and tools, and its AMPP partner logic 
functions, and any output files from any of the foregoing 
(including device programming or simulation files), and any 
associated documentation or information are expressly subject 
to the terms and conditions of the Altera Program License 
Subscription Agreement, Altera MegaCore Function License 
Agreement, or other applicable license agreement, including, 
without limitation, that your use is for the sole purpose of 
programming logic devices manufactured by Altera and sold by 
Altera or its authorized distributors.  Please refer to the 
applicable agreement for further details.



+-----------------------------------------------------------------------+
; Analysis & Synthesis Summary                                          ;
+-----------------------------+-----------------------------------------+
; Analysis & Synthesis Status ; Successful - Sun Nov 04 20:35:11 2018   ;
; Quartus II Version          ; 9.1 Build 222 10/21/2009 SJ Web Edition ;
; Revision Name               ; pic                                     ;
; Top-level Entity Name       ; pic                                     ;
; Family                      ; MAX II                                  ;
; Total logic elements        ; 83                                      ;
; Total pins                  ; 47                                      ;
; Total virtual pins          ; 0                                       ;
; UFM blocks                  ; 0 / 1 ( 0 % )                           ;
+-----------------------------+-----------------------------------------+


+----------------------------------------------------------------------------------------------------------------------+
; Analysis & Synthesis Settings                                                                                        ;
+----------------------------------------------------------------------------+--------------------+--------------------+
; Option                                                                     ; Setting            ; Default Value      ;
+----------------------------------------------------------------------------+--------------------+--------------------+
; Device                                                                     ; EPM1270T144C5      ;                    ;
; Top-level entity name                                                      ; pic                ; pic                ;
; Family name                                                                ; MAX II             ; Stratix II         ;
; Use Generated Physical Constraints File                                    ; Off                ;                    ;
; Use smart compilation                                                      ; Off                ; Off                ;
; Enable parallel Assembler and TimeQuest Timing Analyzer during compilation ; On                 ; On                 ;
; Enable compact report table                                                ; Off                ; Off                ;
; Restructure Multiplexers                                                   ; Auto               ; Auto               ;
; Create Debugging Nodes for IP Cores                                        ; Off                ; Off                ;
; Preserve fewer node names                                                  ; On                 ; On                 ;
; Disable OpenCore Plus hardware evaluation                                  ; Off                ; Off                ;
; Verilog Version                                                            ; Verilog_2001       ; Verilog_2001       ;
; VHDL Version                                                               ; VHDL_1993          ; VHDL_1993          ;
; State Machine Processing                                                   ; Auto               ; Auto               ;
; Safe State Machine                                                         ; Off                ; Off                ;
; Extract Verilog State Machines                                             ; On                 ; On                 ;
; Extract VHDL State Machines                                                ; On                 ; On                 ;
; Ignore Verilog initial constructs                                          ; Off                ; Off                ;
; Iteration limit for constant Verilog loops                                 ; 5000               ; 5000               ;
; Iteration limit for non-constant Verilog loops                             ; 250                ; 250                ;
; Add Pass-Through Logic to Inferred RAMs                                    ; On                 ; On                 ;
; Parallel Synthesis                                                         ; On                 ; On                 ;
; NOT Gate Push-Back                                                         ; On                 ; On                 ;
; Power-Up Don't Care                                                        ; On                 ; On                 ;
; Remove Redundant Logic Cells                                               ; Off                ; Off                ;
; Remove Duplicate Registers                                                 ; On                 ; On                 ;
; Ignore CARRY Buffers                                                       ; Off                ; Off                ;
; Ignore CASCADE Buffers                                                     ; Off                ; Off                ;
; Ignore GLOBAL Buffers                                                      ; Off                ; Off                ;
; Ignore ROW GLOBAL Buffers                                                  ; Off                ; Off                ;
; Ignore LCELL Buffers                                                       ; Off                ; Off                ;
; Ignore SOFT Buffers                                                        ; On                 ; On                 ;
; Limit AHDL Integers to 32 Bits                                             ; Off                ; Off                ;
; Optimization Technique                                                     ; Balanced           ; Balanced           ;
; Carry Chain Length                                                         ; 70                 ; 70                 ;
; Auto Carry Chains                                                          ; On                 ; On                 ;
; Auto Open-Drain Pins                                                       ; On                 ; On                 ;
; Perform WYSIWYG Primitive Resynthesis                                      ; Off                ; Off                ;
; Auto Shift Register Replacement                                            ; Auto               ; Auto               ;
; Auto Clock Enable Replacement                                              ; On                 ; On                 ;
; Allow Synchronous Control Signals                                          ; On                 ; On                 ;
; Force Use of Synchronous Clear Signals                                     ; Off                ; Off                ;
; Auto Resource Sharing                                                      ; Off                ; Off                ;
; Use LogicLock Constraints during Resource Balancing                        ; On                 ; On                 ;
; Ignore translate_off and synthesis_off directives                          ; Off                ; Off                ;
; Show Parameter Settings Tables in Synthesis Report                         ; On                 ; On                 ;
; Ignore Maximum Fan-Out Assignments                                         ; Off                ; Off                ;
; Synchronization Register Chain Length                                      ; 2                  ; 2                  ;
; PowerPlay Power Optimization                                               ; Normal compilation ; Normal compilation ;
; HDL message level                                                          ; Level2             ; Level2             ;
; Suppress Register Optimization Related Messages                            ; Off                ; Off                ;
; Number of Removed Registers Reported in Synthesis Report                   ; 100                ; 100                ;
; Number of Inverted Registers Reported in Synthesis Report                  ; 100                ; 100                ;
; Clock MUX Protection                                                       ; On                 ; On                 ;
; Block Design Naming                                                        ; Auto               ; Auto               ;
; Synthesis Effort                                                           ; Auto               ; Auto               ;
; Shift Register Replacement - Allow Asynchronous Clear Signal               ; On                 ; On                 ;
; Analysis & Synthesis Message Level                                         ; Medium             ; Medium             ;
; Disable Register Merging Across Hierarchies                                ; Auto               ; Auto               ;
+----------------------------------------------------------------------------+--------------------+--------------------+


Parallel compilation was disabled, but you have multiple processors available. Enable parallel compilation to reduce compilation time.
+-------------------------------------+
; Parallel Compilation                ;
+----------------------------+--------+
; Processors                 ; Number ;
+----------------------------+--------+
; Number detected on machine ; 2      ;
; Maximum allowed            ; 1      ;
+----------------------------+--------+


+-----------------------------------------------------------------------------------------------------------------------------------------------+
; Analysis & Synthesis Source Files Read                                                                                                        ;
+----------------------------------+-----------------+-----------------+------------------------------------------------------------------------+
; File Name with User-Entered Path ; Used in Netlist ; File Type       ; File Name with Absolute Path                                           ;
+----------------------------------+-----------------+-----------------+------------------------------------------------------------------------+
; ../pic_p/pic_p.vhd               ; yes             ; User VHDL File  ; D:/Digital_Circuit/AAA SYNEX EXPERIMENTS/FINAL_EXP/pic_p/pic_p.vhd     ;
; ../pic_rdm/pic_rdm.vhd           ; yes             ; User VHDL File  ; D:/Digital_Circuit/AAA SYNEX EXPERIMENTS/FINAL_EXP/pic_rdm/pic_rdm.vhd ;
; ../pic_st/pic_st.vhd             ; yes             ; User VHDL File  ; D:/Digital_Circuit/AAA SYNEX EXPERIMENTS/FINAL_EXP/pic_st/pic_st.vhd   ;
; pic.vhd                          ; yes             ; User VHDL File  ; D:/Digital_Circuit/AAA SYNEX EXPERIMENTS/FINAL_EXP/pic/pic.vhd         ;
+----------------------------------+-----------------+-----------------+------------------------------------------------------------------------+


+----------------------------------------------------------------------+
; Analysis & Synthesis Resource Usage Summary                          ;
+---------------------------------------------+------------------------+
; Resource                                    ; Usage                  ;
+---------------------------------------------+------------------------+
; Total logic elements                        ; 83                     ;
;     -- Combinational with no register       ; 75                     ;
;     -- Register only                        ; 2                      ;
;     -- Combinational with a register        ; 6                      ;
;                                             ;                        ;
; Logic element usage by number of LUT inputs ;                        ;
;     -- 4 input functions                    ; 33                     ;
;     -- 3 input functions                    ; 45                     ;
;     -- 2 input functions                    ; 2                      ;
;     -- 1 input functions                    ; 1                      ;
;     -- 0 input functions                    ; 0                      ;
;                                             ;                        ;
; Logic elements by mode                      ;                        ;
;     -- normal mode                          ; 83                     ;
;     -- arithmetic mode                      ; 0                      ;
;     -- qfbk mode                            ; 0                      ;
;     -- register cascade mode                ; 0                      ;
;     -- synchronous clear/load mode          ; 0                      ;
;     -- asynchronous clear/load mode         ; 8                      ;
;                                             ;                        ;
; Total registers                             ; 8                      ;
; I/O pins                                    ; 47                     ;
; Maximum fan-out node                        ; pic_rdm:u2|Selector8~1 ;
; Maximum fan-out                             ; 22                     ;
; Total fan-out                               ; 311                    ;
; Average fan-out                             ; 2.39                   ;
+---------------------------------------------+------------------------+


+----------------------------------------------------------------------------------------------------------------------------------------------------------------------------------------------------------------------+
; Analysis & Synthesis Resource Utilization by Entity                                                                                                                                                                  ;
+----------------------------+-------------+--------------+------------+------+--------------+--------------+-------------------+------------------+-----------------+------------+---------------------+--------------+
; Compilation Hierarchy Node ; Logic Cells ; LC Registers ; UFM Blocks ; Pins ; Virtual Pins ; LUT-Only LCs ; Register-Only LCs ; LUT/Register LCs ; Carry Chain LCs ; Packed LCs ; Full Hierarchy Name ; Library Name ;
+----------------------------+-------------+--------------+------------+------+--------------+--------------+-------------------+------------------+-----------------+------------+---------------------+--------------+
; |pic                       ; 83 (0)      ; 8            ; 0          ; 47   ; 0            ; 75 (0)       ; 2 (0)             ; 6 (0)            ; 0 (0)           ; 0 (0)      ; |pic                ; work         ;
;    |pic_p:u3|              ; 34 (34)     ; 0            ; 0          ; 0    ; 0            ; 34 (34)      ; 0 (0)             ; 0 (0)            ; 0 (0)           ; 0 (0)      ; |pic|pic_p:u3       ; work         ;
;    |pic_rdm:u2|            ; 44 (44)     ; 4            ; 0          ; 0    ; 0            ; 40 (40)      ; 0 (0)             ; 4 (4)            ; 0 (0)           ; 0 (0)      ; |pic|pic_rdm:u2     ; work         ;
;    |pic_st:u1|             ; 5 (5)       ; 4            ; 0          ; 0    ; 0            ; 1 (1)        ; 2 (2)             ; 2 (2)            ; 0 (0)           ; 0 (0)      ; |pic|pic_st:u1      ; work         ;
+----------------------------+-------------+--------------+------------+------+--------------+--------------+-------------------+------------------+-----------------+------------+---------------------+--------------+
Note: For table entries with two numbers listed, the numbers in parentheses indicate the number of resources of the given type used by the specific entity alone. The numbers listed outside of parentheses indicate the total resources of the given type used by the specific entity and all of its sub-entities in the hierarchy.


Encoding Type:  One-Hot
+--------------------------------------------------------------------------+
; State Machine - |pic|pic_rdm:u2|now_state                                ;
+--------------+--------------+--------------+--------------+--------------+
; Name         ; now_state.s3 ; now_state.s2 ; now_state.s1 ; now_state.s0 ;
+--------------+--------------+--------------+--------------+--------------+
; now_state.s0 ; 0            ; 0            ; 0            ; 0            ;
; now_state.s1 ; 0            ; 0            ; 1            ; 1            ;
; now_state.s2 ; 0            ; 1            ; 0            ; 1            ;
; now_state.s3 ; 1            ; 0            ; 0            ; 1            ;
+--------------+--------------+--------------+--------------+--------------+


+-----------------------------------------------------------------------------------------------------+
; User-Specified and Inferred Latches                                                                 ;
+-----------------------------------------------------+----------------------+------------------------+
; Latch Name                                          ; Latch Enable Signal  ; Free of Timing Hazards ;
+-----------------------------------------------------+----------------------+------------------------+
; pic_rdm:u2|a1[0]                                    ; pic_rdm:u2|a1[0]     ; yes                    ;
; pic_rdm:u2|a3[0]                                    ; pic_rdm:u2|Selector3 ; yes                    ;
; pic_rdm:u2|a3[1]                                    ; pic_rdm:u2|Selector3 ; yes                    ;
; pic_rdm:u2|a1[1]                                    ; pic_rdm:u2|a1[0]     ; yes                    ;
; pic_rdm:u2|a3[2]                                    ; pic_rdm:u2|Selector3 ; yes                    ;
; pic_rdm:u2|a1[2]                                    ; pic_rdm:u2|a1[0]     ; yes                    ;
; pic_rdm:u2|a3[3]                                    ; pic_rdm:u2|Selector3 ; yes                    ;
; pic_rdm:u2|a1[3]                                    ; pic_rdm:u2|a1[0]     ; yes                    ;
; pic_rdm:u2|a2[0]                                    ; pic_rdm:u2|Selector2 ; yes                    ;
; pic_rdm:u2|a2[1]                                    ; pic_rdm:u2|Selector2 ; yes                    ;
; pic_rdm:u2|a2[2]                                    ; pic_rdm:u2|Selector2 ; yes                    ;
; pic_rdm:u2|a2[3]                                    ; pic_rdm:u2|Selector2 ; yes                    ;
; pic_p:u3|arr[0][2]                                  ; pic_rdm:u2|Selector8 ; yes                    ;
; pic_p:u3|arr[0][3]                                  ; pic_rdm:u2|Selector8 ; yes                    ;
; pic_p:u3|arr[0][4]                                  ; pic_rdm:u2|Selector8 ; yes                    ;
; pic_p:u3|arr[0][5]                                  ; pic_rdm:u2|Selector8 ; yes                    ;
; pic_p:u3|arr[1][2]                                  ; pic_rdm:u2|Selector8 ; yes                    ;
; pic_p:u3|arr[1][3]                                  ; pic_rdm:u2|Selector8 ; yes                    ;
; pic_p:u3|arr[1][4]                                  ; pic_rdm:u2|Selector8 ; yes                    ;
; pic_p:u3|arr[1][5]                                  ; pic_rdm:u2|Selector8 ; yes                    ;
; pic_p:u3|arr[2][2]                                  ; pic_rdm:u2|Selector8 ; yes                    ;
; pic_p:u3|arr[2][3]                                  ; pic_rdm:u2|Selector8 ; yes                    ;
; pic_p:u3|arr[2][4]                                  ; pic_rdm:u2|Selector8 ; yes                    ;
; pic_p:u3|arr[2][5]                                  ; pic_rdm:u2|Selector8 ; yes                    ;
; pic_p:u3|arr[3][2]                                  ; pic_rdm:u2|Selector8 ; yes                    ;
; pic_p:u3|arr[3][3]                                  ; pic_rdm:u2|Selector8 ; yes                    ;
; pic_p:u3|arr[3][4]                                  ; pic_rdm:u2|Selector8 ; yes                    ;
; pic_p:u3|arr[3][5]                                  ; pic_rdm:u2|Selector8 ; yes                    ;
; pic_p:u3|maxbushu[0]                                ; pic_rdm:u2|Selector8 ; yes                    ;
; pic_p:u3|maxbushu[1]                                ; pic_rdm:u2|Selector8 ; yes                    ;
; pic_p:u3|maxbushu[2]                                ; pic_rdm:u2|Selector8 ; yes                    ;
; pic_p:u3|maxbushu[3]                                ; pic_rdm:u2|Selector8 ; yes                    ;
; pic_rdm:u2|out_a1[0]                                ; pic_rdm:u2|Selector8 ; yes                    ;
; pic_rdm:u2|out_a1[1]                                ; pic_rdm:u2|Selector8 ; yes                    ;
; pic_rdm:u2|out_a1[2]                                ; pic_rdm:u2|Selector8 ; yes                    ;
; pic_rdm:u2|out_a1[3]                                ; pic_rdm:u2|Selector8 ; yes                    ;
; Number of user-specified and inferred latches = 36  ;                      ;                        ;
+-----------------------------------------------------+----------------------+------------------------+
Note: All latches listed above may not be present at the end of synthesis due to various synthesis optimizations.


+------------------------------------------------------+
; General Register Statistics                          ;
+----------------------------------------------+-------+
; Statistic                                    ; Value ;
+----------------------------------------------+-------+
; Total registers                              ; 8     ;
; Number of registers using Synchronous Clear  ; 0     ;
; Number of registers using Synchronous Load   ; 0     ;
; Number of registers using Asynchronous Clear ; 8     ;
; Number of registers using Asynchronous Load  ; 0     ;
; Number of registers using Clock Enable       ; 0     ;
; Number of registers using Preset             ; 0     ;
+----------------------------------------------+-------+


+--------------------------------------------------+
; Inverted Register Statistics                     ;
+----------------------------------------+---------+
; Inverted Register                      ; Fan out ;
+----------------------------------------+---------+
; pic_st:u1|ddout[1]                     ; 5       ;
; pic_st:u1|ddout[2]                     ; 5       ;
; pic_st:u1|ddout[3]                     ; 5       ;
; Total number of inverted registers = 3 ;         ;
+----------------------------------------+---------+


+------------------------------------------------------------------------------------------------------------------------------------------+
; Multiplexer Restructuring Statistics (Restructuring Performed)                                                                           ;
+--------------------+-----------+---------------+----------------------+------------------------+------------+----------------------------+
; Multiplexer Inputs ; Bus Width ; Baseline Area ; Area if Restructured ; Saving if Restructured ; Registered ; Example Multiplexer Output ;
+--------------------+-----------+---------------+----------------------+------------------------+------------+----------------------------+
; 1:1                ; 4 bits    ; 0 LEs         ; 0 LEs                ; 0 LEs                  ; No         ; |pic|pic_rdm:u2|Mux7       ;
; 1:1                ; 4 bits    ; 0 LEs         ; 0 LEs                ; 0 LEs                  ; No         ; |pic|pic_rdm:u2|Mux11      ;
; 3:1                ; 4 bits    ; 8 LEs         ; 8 LEs                ; 0 LEs                  ; No         ; |pic|pic_rdm:u2|Selector4  ;
+--------------------+-----------+---------------+----------------------+------------------------+------------+----------------------------+


+-------------------------------+
; Analysis & Synthesis Messages ;
+-------------------------------+
Info: *******************************************************************
Info: Running Quartus II Analysis & Synthesis
    Info: Version 9.1 Build 222 10/21/2009 SJ Web Edition
    Info: Processing started: Sun Nov 04 20:35:09 2018
Info: Command: quartus_map --read_settings_files=on --write_settings_files=off pic -c pic
Info: Found 2 design units, including 1 entities, in source file /digital_circuit/aaa synex experiments/final_exp/pic_p/pic_p.vhd
    Info: Found design unit 1: pic_p-apic_p
    Info: Found entity 1: pic_p
Info: Found 2 design units, including 1 entities, in source file /digital_circuit/aaa synex experiments/final_exp/pic_rdm/pic_rdm.vhd
    Info: Found design unit 1: pic_rdm-apic_rdm
    Info: Found entity 1: pic_rdm
Info: Found 2 design units, including 1 entities, in source file /digital_circuit/aaa synex experiments/final_exp/pic_st/pic_st.vhd
    Info: Found design unit 1: pic_st-apic_st
    Info: Found entity 1: pic_st
Info: Found 2 design units, including 1 entities, in source file pic.vhd
    Info: Found design unit 1: pic-apic
    Info: Found entity 1: pic
Info: Elaborating entity "pic" for the top level hierarchy
Info: Elaborating entity "pic_st" for hierarchy "pic_st:u1"
Warning (10492): VHDL Process Statement warning at pic_st.vhd(18): signal "ddout" is read inside the Process Statement but isn't in the Process Statement's sensitivity list
Warning (10492): VHDL Process Statement warning at pic_st.vhd(19): signal "ddout" is read inside the Process Statement but isn't in the Process Statement's sensitivity list
Warning (10492): VHDL Process Statement warning at pic_st.vhd(20): signal "ddout" is read inside the Process Statement but isn't in the Process Statement's sensitivity list
Info: Elaborating entity "pic_rdm" for hierarchy "pic_rdm:u2"
Warning (10492): VHDL Process Statement warning at pic_rdm.vhd(38): signal "in_count" is read inside the Process Statement but isn't in the Process Statement's sensitivity list
Warning (10492): VHDL Process Statement warning at pic_rdm.vhd(49): signal "in_count" is read inside the Process Statement but isn't in the Process Statement's sensitivity list
Warning (10492): VHDL Process Statement warning at pic_rdm.vhd(56): signal "in_count" is read inside the Process Statement but isn't in the Process Statement's sensitivity list
Warning (10492): VHDL Process Statement warning at pic_rdm.vhd(56): signal "flag" is read inside the Process Statement but isn't in the Process Statement's sensitivity list
Warning (10492): VHDL Process Statement warning at pic_rdm.vhd(63): signal "happy" is read inside the Process Statement but isn't in the Process Statement's sensitivity list
Warning (10492): VHDL Process Statement warning at pic_rdm.vhd(63): signal "false" is read inside the Process Statement but isn't in the Process Statement's sensitivity list
Warning (10492): VHDL Process Statement warning at pic_rdm.vhd(63): signal "flag" is read inside the Process Statement but isn't in the Process Statement's sensitivity list
Warning (10492): VHDL Process Statement warning at pic_rdm.vhd(89): signal "in_count" is read inside the Process Statement but isn't in the Process Statement's sensitivity list
Warning (10492): VHDL Process Statement warning at pic_rdm.vhd(91): signal "mr" is read inside the Process Statement but isn't in the Process Statement's sensitivity list
Warning (10492): VHDL Process Statement warning at pic_rdm.vhd(93): signal "mr" is read inside the Process Statement but isn't in the Process Statement's sensitivity list
Warning (10492): VHDL Process Statement warning at pic_rdm.vhd(95): signal "mr" is read inside the Process Statement but isn't in the Process Statement's sensitivity list
Warning (10492): VHDL Process Statement warning at pic_rdm.vhd(97): signal "mr" is read inside the Process Statement but isn't in the Process Statement's sensitivity list
Warning (10492): VHDL Process Statement warning at pic_rdm.vhd(104): signal "a1" is read inside the Process Statement but isn't in the Process Statement's sensitivity list
Warning (10492): VHDL Process Statement warning at pic_rdm.vhd(108): signal "a1" is read inside the Process Statement but isn't in the Process Statement's sensitivity list
Warning (10492): VHDL Process Statement warning at pic_rdm.vhd(108): signal "a2" is read inside the Process Statement but isn't in the Process Statement's sensitivity list
Warning (10492): VHDL Process Statement warning at pic_rdm.vhd(110): signal "a2" is read inside the Process Statement but isn't in the Process Statement's sensitivity list
Warning (10492): VHDL Process Statement warning at pic_rdm.vhd(118): signal "a1" is read inside the Process Statement but isn't in the Process Statement's sensitivity list
Warning (10492): VHDL Process Statement warning at pic_rdm.vhd(118): signal "a3" is read inside the Process Statement but isn't in the Process Statement's sensitivity list
Warning (10492): VHDL Process Statement warning at pic_rdm.vhd(118): signal "a2" is read inside the Process Statement but isn't in the Process Statement's sensitivity list
Warning (10492): VHDL Process Statement warning at pic_rdm.vhd(120): signal "a3" is read inside the Process Statement but isn't in the Process Statement's sensitivity list
Warning (10631): VHDL Process Statement warning at pic_rdm.vhd(85): inferring latch(es) for signal or variable "a1", which holds its previous value in one or more paths through the process
Warning (10631): VHDL Process Statement warning at pic_rdm.vhd(85): inferring latch(es) for signal or variable "a2", which holds its previous value in one or more paths through the process
Warning (10631): VHDL Process Statement warning at pic_rdm.vhd(85): inferring latch(es) for signal or variable "a3", which holds its previous value in one or more paths through the process
Warning (10631): VHDL Process Statement warning at pic_rdm.vhd(85): inferring latch(es) for signal or variable "out_a1", which holds its previous value in one or more paths through the process
Info (10041): Inferred latch for "out_a1[0]" at pic_rdm.vhd(85)
Info (10041): Inferred latch for "out_a1[1]" at pic_rdm.vhd(85)
Info (10041): Inferred latch for "out_a1[2]" at pic_rdm.vhd(85)
Info (10041): Inferred latch for "out_a1[3]" at pic_rdm.vhd(85)
Info (10041): Inferred latch for "a3[0]" at pic_rdm.vhd(85)
Info (10041): Inferred latch for "a3[1]" at pic_rdm.vhd(85)
Info (10041): Inferred latch for "a3[2]" at pic_rdm.vhd(85)
Info (10041): Inferred latch for "a3[3]" at pic_rdm.vhd(85)
Info (10041): Inferred latch for "a2[0]" at pic_rdm.vhd(85)
Info (10041): Inferred latch for "a2[1]" at pic_rdm.vhd(85)
Info (10041): Inferred latch for "a2[2]" at pic_rdm.vhd(85)
Info (10041): Inferred latch for "a2[3]" at pic_rdm.vhd(85)
Info (10041): Inferred latch for "a1[0]" at pic_rdm.vhd(85)
Info (10041): Inferred latch for "a1[1]" at pic_rdm.vhd(85)
Info (10041): Inferred latch for "a1[2]" at pic_rdm.vhd(85)
Info (10041): Inferred latch for "a1[3]" at pic_rdm.vhd(85)
Info: Elaborating entity "pic_p" for hierarchy "pic_p:u3"
Warning (10631): VHDL Process Statement warning at pic_p.vhd(27): inferring latch(es) for signal or variable "arr", which holds its previous value in one or more paths through the process
Warning (10631): VHDL Process Statement warning at pic_p.vhd(27): inferring latch(es) for signal or variable "maxbushu", which holds its previous value in one or more paths through the process
Info (10041): Inferred latch for "maxbushu[0]" at pic_p.vhd(27)
Info (10041): Inferred latch for "maxbushu[1]" at pic_p.vhd(27)
Info (10041): Inferred latch for "maxbushu[2]" at pic_p.vhd(27)
Info (10041): Inferred latch for "maxbushu[3]" at pic_p.vhd(27)
Info (10041): Inferred latch for "maxbushu[4]" at pic_p.vhd(27)
Info (10041): Inferred latch for "maxbushu[5]" at pic_p.vhd(27)
Info (10041): Inferred latch for "maxbushu[6]" at pic_p.vhd(27)
Info (10041): Inferred latch for "arr[0][0]" at pic_p.vhd(27)
Info (10041): Inferred latch for "arr[0][1]" at pic_p.vhd(27)
Info (10041): Inferred latch for "arr[0][2]" at pic_p.vhd(27)
Info (10041): Inferred latch for "arr[0][3]" at pic_p.vhd(27)
Info (10041): Inferred latch for "arr[0][4]" at pic_p.vhd(27)
Info (10041): Inferred latch for "arr[0][5]" at pic_p.vhd(27)
Info (10041): Inferred latch for "arr[0][6]" at pic_p.vhd(27)
Info (10041): Inferred latch for "arr[0][7]" at pic_p.vhd(27)
Info (10041): Inferred latch for "arr[1][0]" at pic_p.vhd(27)
Info (10041): Inferred latch for "arr[1][1]" at pic_p.vhd(27)
Info (10041): Inferred latch for "arr[1][2]" at pic_p.vhd(27)
Info (10041): Inferred latch for "arr[1][3]" at pic_p.vhd(27)
Info (10041): Inferred latch for "arr[1][4]" at pic_p.vhd(27)
Info (10041): Inferred latch for "arr[1][5]" at pic_p.vhd(27)
Info (10041): Inferred latch for "arr[1][6]" at pic_p.vhd(27)
Info (10041): Inferred latch for "arr[1][7]" at pic_p.vhd(27)
Info (10041): Inferred latch for "arr[2][0]" at pic_p.vhd(27)
Info (10041): Inferred latch for "arr[2][1]" at pic_p.vhd(27)
Info (10041): Inferred latch for "arr[2][2]" at pic_p.vhd(27)
Info (10041): Inferred latch for "arr[2][3]" at pic_p.vhd(27)
Info (10041): Inferred latch for "arr[2][4]" at pic_p.vhd(27)
Info (10041): Inferred latch for "arr[2][5]" at pic_p.vhd(27)
Info (10041): Inferred latch for "arr[2][6]" at pic_p.vhd(27)
Info (10041): Inferred latch for "arr[2][7]" at pic_p.vhd(27)
Info (10041): Inferred latch for "arr[3][0]" at pic_p.vhd(27)
Info (10041): Inferred latch for "arr[3][1]" at pic_p.vhd(27)
Info (10041): Inferred latch for "arr[3][2]" at pic_p.vhd(27)
Info (10041): Inferred latch for "arr[3][3]" at pic_p.vhd(27)
Info (10041): Inferred latch for "arr[3][4]" at pic_p.vhd(27)
Info (10041): Inferred latch for "arr[3][5]" at pic_p.vhd(27)
Info (10041): Inferred latch for "arr[3][6]" at pic_p.vhd(27)
Info (10041): Inferred latch for "arr[3][7]" at pic_p.vhd(27)
Info: Duplicate LATCH primitives merged into single LATCH primitive
    Info: Duplicate LATCH primitive "pic_p:u3|maxbushu[3]" merged with LATCH primitive "pic_p:u3|maxbushu[0]"
    Info: Duplicate LATCH primitive "pic_p:u3|maxbushu[2]" merged with LATCH primitive "pic_p:u3|maxbushu[0]"
    Info: Duplicate LATCH primitive "pic_p:u3|maxbushu[1]" merged with LATCH primitive "pic_p:u3|maxbushu[0]"
Warning: Latch pic_rdm:u2|out_a1[0] has unsafe behavior
    Warning: Ports D and ENA on the latch are fed by the same signal pic_rdm:u2|a3[0]
Warning: Latch pic_rdm:u2|out_a1[1] has unsafe behavior
    Warning: Ports D and ENA on the latch are fed by the same signal pic_rdm:u2|a3[1]
Warning: Latch pic_rdm:u2|out_a1[2] has unsafe behavior
    Warning: Ports D and ENA on the latch are fed by the same signal pic_rdm:u2|a3[2]
Warning: Latch pic_rdm:u2|out_a1[3] has unsafe behavior
    Warning: Ports D and ENA on the latch are fed by the same signal pic_rdm:u2|a3[3]
Warning: Output pins are stuck at VCC or GND
    Warning (13410): Pin "col1[0]" is stuck at GND
    Warning (13410): Pin "col1[1]" is stuck at GND
    Warning (13410): Pin "col1[6]" is stuck at GND
    Warning (13410): Pin "col1[7]" is stuck at GND
    Warning (13410): Pin "col2[0]" is stuck at GND
    Warning (13410): Pin "col2[1]" is stuck at GND
    Warning (13410): Pin "col2[6]" is stuck at GND
    Warning (13410): Pin "col2[7]" is stuck at GND
    Warning (13410): Pin "col3[0]" is stuck at GND
    Warning (13410): Pin "col3[1]" is stuck at GND
    Warning (13410): Pin "col3[6]" is stuck at GND
    Warning (13410): Pin "col3[7]" is stuck at GND
    Warning (13410): Pin "col4[0]" is stuck at GND
    Warning (13410): Pin "col4[1]" is stuck at GND
    Warning (13410): Pin "col4[6]" is stuck at GND
    Warning (13410): Pin "col4[7]" is stuck at GND
    Warning (13410): Pin "max[4]" is stuck at GND
    Warning (13410): Pin "max[5]" is stuck at GND
    Warning (13410): Pin "max[6]" is stuck at GND
Info: Registers with preset signals will power-up high
Info: Implemented 130 device resources after synthesis - the final resource count might be different
    Info: Implemented 7 input pins
    Info: Implemented 40 output pins
    Info: Implemented 83 logic cells
Info: Quartus II Analysis & Synthesis was successful. 0 errors, 57 warnings
    Info: Peak virtual memory: 265 megabytes
    Info: Processing ended: Sun Nov 04 20:35:11 2018
    Info: Elapsed time: 00:00:02
    Info: Total CPU time (on all processors): 00:00:03


